{"meta": {"format": 3, "version": "7.13.4", "timestamp": "2026-03-13T20:08:27.953329", "branch_coverage": false, "show_contexts": false}, "files": {"api/__init__.py": {"executed_lines": [], "summary": {"covered_lines": 0, "num_statements": 0, "percent_covered": 100.0, "percent_covered_display": "100", "missing_lines": 0, "excluded_lines": 0, "percent_statements_covered": 100.0, "percent_statements_covered_display": "100"}, "missing_lines": [], "excluded_lines": [], "functions": {"": {"executed_lines": [], "summary": {"covered_lines": 0, "num_statements": 0, "percent_covered": 100.0, "percent_covered_display": "100", "missing_lines": 0, "excluded_lines": 0, "percent_statements_covered": 100.0, "percent_statements_covered_display": "100"}, "missing_lines": [], "excluded_lines": [], "start_line": 1}}, "classes": {"": {"executed_lines": [], "summary": {"covered_lines": 0, "num_statements": 0, "percent_covered": 100.0, "percent_covered_display": "100", "missing_lines": 0, "excluded_lines": 0, "percent_statements_covered": 100.0, "percent_statements_covered_display": "100"}, "missing_lines": [], "excluded_lines": [], "start_line": 1}}}, "api/chat.py": {"executed_lines": [1, 2, 3, 5, 6, 7, 8, 9, 10, 12, 13, 14, 15, 16, 17, 18, 19, 20, 22, 24, 25, 28, 29, 32, 36, 72, 73, 183, 184], "summary": {"covered_lines": 29, "num_statements": 90, "percent_covered": 32.22222222222222, "percent_covered_display": "32", "missing_lines": 61, "excluded_lines": 0, "percent_statements_covered": 32.22222222222222, "percent_statements_covered_display": "32"}, "missing_lines": [33, 38, 43, 44, 45, 51, 58, 64, 78, 79, 80, 83, 84, 85, 86, 87, 88, 89, 91, 93, 102, 104, 112, 116, 119, 120, 121, 123, 124, 125, 126, 132, 133, 134, 135, 139, 146, 148, 149, 150, 151, 152, 153, 154, 158, 159, 160, 161, 162, 163, 166, 167, 168, 169, 171, 173, 188, 189, 190, 191, 193], "excluded_lines": [], "functions": {"_utcnow": {"executed_lines": [], "summary": {"covered_lines": 0, "num_statements": 1, "percent_covered": 0.0, "percent_covered_display": "0", "missing_lines": 1, "excluded_lines": 0, "percent_statements_covered": 0.0, "percent_statements_covered_display": "0"}, "missing_lines": [33], "excluded_lines": [], "start_line": 32}, "_load_project_context": {"executed_lines": [], "summary": {"covered_lines": 0, "num_statements": 7, "percent_covered": 0.0, "percent_covered_display": "0", "missing_lines": 7, "excluded_lines": 0, "percent_statements_covered": 0.0, "percent_statements_covered_display": "0"}, "missing_lines": [38, 43, 44, 45, 51, 58, 64], "excluded_lines": [], "start_line": 36}, "send_message": {"executed_lines": [], "summary": {"covered_lines": 0, "num_statements": 21, "percent_covered": 0.0, "percent_covered_display": "0", "missing_lines": 21, "excluded_lines": 0, "percent_statements_covered": 0.0, "percent_statements_covered_display": "0"}, "missing_lines": [78, 79, 80, 83, 84, 85, 86, 87, 88, 89, 91, 93, 102, 104, 112, 116, 119, 120, 121, 123, 173], "excluded_lines": [], "start_line": 73}, "send_message.stream_response": {"executed_lines": [], "summary": {"covered_lines": 0, "num_statements": 27, "percent_covered": 0.0, "percent_covered_display": "0", "missing_lines": 27, "excluded_lines": 0, "percent_statements_covered": 0.0, "percent_statements_covered_display": "0"}, "missing_lines": [124, 125, 126, 132, 133, 134, 135, 139, 146, 148, 149, 150, 151, 152, 153, 154, 158, 159, 160, 161, 162, 163, 166, 167, 168, 169, 171], "excluded_lines": [], "start_line": 123}, "get_history": {"executed_lines": [], "summary": {"covered_lines": 0, "num_statements": 5, "percent_covered": 0.0, "percent_covered_display": "0", "missing_lines": 5, "excluded_lines": 0, "percent_statements_covered": 0.0, "percent_statements_covered_display": "0"}, "missing_lines": [188, 189, 190, 191, 193], "excluded_lines": [], "start_line": 184}, "": {"executed_lines": [1, 2, 3, 5, 6, 7, 8, 9, 10, 12, 13, 14, 15, 16, 17, 18, 19, 20, 22, 24, 25, 28, 29, 32, 36, 72, 73, 183, 184], "summary": {"covered_lines": 29, "num_statements": 29, "percent_covered": 100.0, "percent_covered_display": "100", "missing_lines": 0, "excluded_lines": 0, "percent_statements_covered": 100.0, "percent_statements_covered_display": "100"}, "missing_lines": [], "excluded_lines": [], "start_line": 1}}, "classes": {"ChatMessage": {"executed_lines": [], "summary": {"covered_lines": 0, "num_statements": 0, "percent_covered": 100.0, "percent_covered_display": "100", "missing_lines": 0, "excluded_lines": 0, "percent_statements_covered": 100.0, "percent_statements_covered_display": "100"}, "missing_lines": [], "excluded_lines": [], "start_line": 28}, "": {"executed_lines": [1, 2, 3, 5, 6, 7, 8, 9, 10, 12, 13, 14, 15, 16, 17, 18, 19, 20, 22, 24, 25, 28, 29, 32, 36, 72, 73, 183, 184], "summary": {"covered_lines": 29, "num_statements": 90, "percent_covered": 32.22222222222222, "percent_covered_display": "32", "missing_lines": 61, "excluded_lines": 0, "percent_statements_covered": 32.22222222222222, "percent_statements_covered_display": "32"}, "missing_lines": [33, 38, 43, 44, 45, 51, 58, 64, 78, 79, 80, 83, 84, 85, 86, 87, 88, 89, 91, 93, 102, 104, 112, 116, 119, 120, 121, 123, 124, 125, 126, 132, 133, 134, 135, 139, 146, 148, 149, 150, 151, 152, 153, 154, 158, 159, 160, 161, 162, 163, 166, 167, 168, 169, 171, 173, 188, 189, 190, 191, 193], "excluded_lines": [], "start_line": 1}}}, "api/data.py": {"executed_lines": [1, 2, 3, 5, 6, 7, 8, 10, 11, 12, 13, 14, 15, 17, 19, 20, 27, 28, 33, 34, 36, 37, 39, 40, 41, 43, 44, 52, 54, 64, 65, 66, 68, 71, 72, 73, 80, 84, 99, 100, 101, 102, 105, 106, 109, 110, 111, 113, 114, 115, 116, 120, 135, 136, 137, 138, 141, 142, 162, 163, 166, 167, 197, 198, 201, 202, 207, 208, 209, 212, 215, 216, 217, 218, 219, 230, 233, 234, 235, 236, 238, 239, 241, 251, 252, 253, 255, 258, 259, 260, 267, 271, 283, 284, 286, 288, 289], "summary": {"covered_lines": 97, "num_statements": 130, "percent_covered": 74.61538461538461, "percent_covered_display": "75", "missing_lines": 33, "excluded_lines": 0, "percent_statements_covered": 74.61538461538461, "percent_statements_covered_display": "75"}, "missing_lines": [45, 46, 47, 81, 82, 103, 107, 117, 118, 139, 145, 146, 147, 149, 150, 151, 152, 153, 155, 172, 173, 174, 176, 177, 178, 180, 181, 183, 185, 231, 268, 269, 287], "excluded_lines": [], "functions": {"upload_csv": {"executed_lines": [33, 34, 36, 37, 39, 40, 41, 43, 44, 52, 54, 64, 65, 66, 68, 71, 72, 73, 80, 84], "summary": {"covered_lines": 20, "num_statements": 25, "percent_covered": 80.0, "percent_covered_display": "80", "missing_lines": 5, "excluded_lines": 0, "percent_statements_covered": 80.0, "percent_statements_covered_display": "80"}, "missing_lines": [45, 46, 47, 81, 82], "excluded_lines": [], "start_line": 28}, "get_preview": {"executed_lines": [101, 102, 105, 106, 109, 110, 111, 113, 114, 115, 116, 120], "summary": {"covered_lines": 12, "num_statements": 16, "percent_covered": 75.0, "percent_covered_display": "75", "missing_lines": 4, "excluded_lines": 0, "percent_statements_covered": 75.0, "percent_statements_covered_display": "75"}, "missing_lines": [103, 107, 117, 118], "excluded_lines": [], "start_line": 100}, "get_profile": {"executed_lines": [137, 138, 141, 142], "summary": {"covered_lines": 4, "num_statements": 14, "percent_covered": 28.571428571428573, "percent_covered_display": "29", "missing_lines": 10, "excluded_lines": 0, "percent_statements_covered": 28.571428571428573, "percent_statements_covered_display": "29"}, "missing_lines": [139, 145, 146, 147, 149, 150, 151, 152, 153, 155], "excluded_lines": [], "start_line": 136}, "query_dataset": {"executed_lines": [], "summary": {"covered_lines": 0, "num_statements": 10, "percent_covered": 0.0, "percent_covered_display": "0", "missing_lines": 10, "excluded_lines": 0, "percent_statements_covered": 0.0, "percent_statements_covered_display": "0"}, "missing_lines": [172, 173, 174, 176, 177, 178, 180, 181, 183, 185], "excluded_lines": [], "start_line": 167}, "load_sample_dataset": {"executed_lines": [207, 208, 209, 212, 215, 216, 217, 218, 219, 230, 233, 234, 235, 236, 238, 239, 241, 251, 252, 253, 255, 258, 259, 260, 267, 271], "summary": {"covered_lines": 26, "num_statements": 29, "percent_covered": 89.65517241379311, "percent_covered_display": "90", "missing_lines": 3, "excluded_lines": 0, "percent_statements_covered": 89.65517241379311, "percent_statements_covered_display": "90"}, "missing_lines": [231, 268, 269], "excluded_lines": [], "start_line": 202}, "sample_info": {"executed_lines": [286, 288, 289], "summary": {"covered_lines": 3, "num_statements": 4, "percent_covered": 75.0, "percent_covered_display": "75", "missing_lines": 1, "excluded_lines": 0, "percent_statements_covered": 75.0, "percent_statements_covered_display": "75"}, "missing_lines": [287], "excluded_lines": [], "start_line": 284}, "": {"executed_lines": [1, 2, 3, 5, 6, 7, 8, 10, 11, 12, 13, 14, 15, 17, 19, 20, 27, 28, 99, 100, 135, 136, 162, 163, 166, 167, 197, 198, 201, 202, 283, 284], "summary": {"covered_lines": 32, "num_statements": 32, "percent_covered": 100.0, "percent_covered_display": "100", "missing_lines": 0, "excluded_lines": 0, "percent_statements_covered": 100.0, "percent_statements_covered_display": "100"}, "missing_lines": [], "excluded_lines": [], "start_line": 1}}, "classes": {"NLQueryRequest": {"executed_lines": [], "summary": {"covered_lines": 0, "num_statements": 0, "percent_covered": 100.0, "percent_covered_display": "100", "missing_lines": 0, "excluded_lines": 0, "percent_statements_covered": 100.0, "percent_statements_covered_display": "100"}, "missing_lines": [], "excluded_lines": [], "start_line": 162}, "SampleLoadRequest": {"executed_lines": [], "summary": {"covered_lines": 0, "num_statements": 0, "percent_covered": 100.0, "percent_covered_display": "100", "missing_lines": 0, "excluded_lines": 0, "percent_statements_covered": 100.0, "percent_statements_covered_display": "100"}, "missing_lines": [], "excluded_lines": [], "start_line": 197}, "": {"executed_lines": [1, 2, 3, 5, 6, 7, 8, 10, 11, 12, 13, 14, 15, 17, 19, 20, 27, 28, 33, 34, 36, 37, 39, 40, 41, 43, 44, 52, 54, 64, 65, 66, 68, 71, 72, 73, 80, 84, 99, 100, 101, 102, 105, 106, 109, 110, 111, 113, 114, 115, 116, 120, 135, 136, 137, 138, 141, 142, 162, 163, 166, 167, 197, 198, 201, 202, 207, 208, 209, 212, 215, 216, 217, 218, 219, 230, 233, 234, 235, 236, 238, 239, 241, 251, 252, 253, 255, 258, 259, 260, 267, 271, 283, 284, 286, 288, 289], "summary": {"covered_lines": 97, "num_statements": 130, "percent_covered": 74.61538461538461, "percent_covered_display": "75", "missing_lines": 33, "excluded_lines": 0, "percent_statements_covered": 74.61538461538461, "percent_statements_covered_display": "75"}, "missing_lines": [45, 46, 47, 81, 82, 103, 107, 117, 118, 139, 145, 146, 147, 149, 150, 151, 152, 153, 155, 172, 173, 174, 176, 177, 178, 180, 181, 183, 185, 231, 268, 269, 287], "excluded_lines": [], "start_line": 1}}}, "api/deploy.py": {"executed_lines": [12, 14, 15, 16, 18, 19, 20, 21, 23, 24, 31, 32, 33, 34, 35, 36, 38, 40, 48, 50, 51, 52, 53, 58, 61, 62, 65, 68, 71, 72, 75, 83, 84, 95, 101, 102, 104, 107, 108, 109, 112, 113, 114, 116, 117, 120, 121, 124, 136, 139, 140, 143, 144, 146, 147, 149, 157, 158, 160, 163, 171, 172, 177, 178, 181, 182, 183, 185, 196, 197, 202, 203, 206, 209, 210, 211, 212, 214, 215, 216, 224, 225, 235, 236, 237, 239, 242, 243, 246, 249, 250, 251, 252, 254, 265, 266, 275, 276, 279, 282, 283, 286, 287, 290, 291, 292, 293, 295, 307, 308], "summary": {"covered_lines": 110, "num_statements": 123, "percent_covered": 89.4308943089431, "percent_covered_display": "89", "missing_lines": 13, "excluded_lines": 0, "percent_statements_covered": 89.4308943089431, "percent_statements_covered_display": "89"}, "missing_lines": [54, 59, 63, 69, 73, 110, 179, 204, 240, 244, 277, 280, 284], "excluded_lines": [], "functions": {"_load_deploy_context": {"executed_lines": [50, 51, 52, 53, 58, 61, 62, 65, 68, 71, 72, 75], "summary": {"covered_lines": 12, "num_statements": 17, "percent_covered": 70.58823529411765, "percent_covered_display": "71", "missing_lines": 5, "excluded_lines": 0, "percent_statements_covered": 70.58823529411765, "percent_statements_covered_display": "71"}, "missing_lines": [54, 59, 63, 69, 73], "excluded_lines": [], "start_line": 48}, "deploy_model": {"executed_lines": [95, 101, 102, 104, 107, 108, 109, 112, 113, 114, 116, 117, 120, 121, 124, 136, 139, 140, 143, 144, 146, 147, 149], "summary": {"covered_lines": 23, "num_statements": 24, "percent_covered": 95.83333333333333, "percent_covered_display": "96", "missing_lines": 1, "excluded_lines": 0, "percent_statements_covered": 95.83333333333333, "percent_statements_covered_display": "96"}, "missing_lines": [110], "excluded_lines": [], "start_line": 84}, "list_deployments": {"executed_lines": [160, 163], "summary": {"covered_lines": 2, "num_statements": 2, "percent_covered": 100.0, "percent_covered_display": "100", "missing_lines": 0, "excluded_lines": 0, "percent_statements_covered": 100.0, "percent_statements_covered_display": "100"}, "missing_lines": [], "excluded_lines": [], "start_line": 158}, "get_deployment": {"executed_lines": [177, 178, 181, 182, 183, 185], "summary": {"covered_lines": 6, "num_statements": 7, "percent_covered": 85.71428571428571, "percent_covered_display": "86", "missing_lines": 1, "excluded_lines": 0, "percent_statements_covered": 85.71428571428571, "percent_statements_covered_display": "86"}, "missing_lines": [179], "excluded_lines": [], "start_line": 172}, "undeploy_model": {"executed_lines": [202, 203, 206, 209, 210, 211, 212, 214, 215, 216], "summary": {"covered_lines": 10, "num_statements": 11, "percent_covered": 90.9090909090909, "percent_covered_display": "91", "missing_lines": 1, "excluded_lines": 0, "percent_statements_covered": 90.9090909090909, "percent_statements_covered_display": "91"}, "missing_lines": [204], "excluded_lines": [], "start_line": 197}, "make_prediction": {"executed_lines": [235, 236, 237, 239, 242, 243, 246, 249, 250, 251, 252, 254], "summary": {"covered_lines": 12, "num_statements": 14, "percent_covered": 85.71428571428571, "percent_covered_display": "86", "missing_lines": 2, "excluded_lines": 0, "percent_statements_covered": 85.71428571428571, "percent_statements_covered_display": "86"}, "missing_lines": [240, 244], "excluded_lines": [], "start_line": 225}, "batch_prediction": {"executed_lines": [275, 276, 279, 282, 283, 286, 287, 290, 291, 292, 293, 295], "summary": {"covered_lines": 12, "num_statements": 15, "percent_covered": 80.0, "percent_covered_display": "80", "missing_lines": 3, "excluded_lines": 0, "percent_statements_covered": 80.0, "percent_statements_covered_display": "80"}, "missing_lines": [277, 280, 284], "excluded_lines": [], "start_line": 266}, "_deployment_response": {"executed_lines": [308], "summary": {"covered_lines": 1, "num_statements": 1, "percent_covered": 100.0, "percent_covered_display": "100", "missing_lines": 0, "excluded_lines": 0, "percent_statements_covered": 100.0, "percent_statements_covered_display": "100"}, "missing_lines": [], "excluded_lines": [], "start_line": 307}, "": {"executed_lines": [12, 14, 15, 16, 18, 19, 20, 21, 23, 24, 31, 32, 33, 34, 35, 36, 38, 40, 48, 83, 84, 157, 158, 171, 172, 196, 197, 224, 225, 265, 266, 307], "summary": {"covered_lines": 32, "num_statements": 32, "percent_covered": 100.0, "percent_covered_display": "100", "missing_lines": 0, "excluded_lines": 0, "percent_statements_covered": 100.0, "percent_statements_covered_display": "100"}, "missing_lines": [], "excluded_lines": [], "start_line": 1}}, "classes": {"": {"executed_lines": [12, 14, 15, 16, 18, 19, 20, 21, 23, 24, 31, 32, 33, 34, 35, 36, 38, 40, 48, 50, 51, 52, 53, 58, 61, 62, 65, 68, 71, 72, 75, 83, 84, 95, 101, 102, 104, 107, 108, 109, 112, 113, 114, 116, 117, 120, 121, 124, 136, 139, 140, 143, 144, 146, 147, 149, 157, 158, 160, 163, 171, 172, 177, 178, 181, 182, 183, 185, 196, 197, 202, 203, 206, 209, 210, 211, 212, 214, 215, 216, 224, 225, 235, 236, 237, 239, 242, 243, 246, 249, 250, 251, 252, 254, 265, 266, 275, 276, 279, 282, 283, 286, 287, 290, 291, 292, 293, 295, 307, 308], "summary": {"covered_lines": 110, "num_statements": 123, "percent_covered": 89.4308943089431, "percent_covered_display": "89", "missing_lines": 13, "excluded_lines": 0, "percent_statements_covered": 89.4308943089431, "percent_statements_covered_display": "89"}, "missing_lines": [54, 59, 63, 69, 73, 110, 179, 204, 240, 244, 277, 280, 284], "excluded_lines": [], "start_line": 1}}}, "api/features.py": {"executed_lines": [11, 12, 14, 15, 16, 17, 19, 25, 26, 27, 29, 36, 37, 38, 40, 41, 43, 44, 51, 52, 54, 55, 56, 57, 78, 79, 82, 83, 89, 91, 94, 100, 104, 110, 111, 112, 114, 115, 119, 132, 133, 135, 136, 139, 140, 141, 143, 144, 158, 159, 160, 163, 164, 170, 171, 174, 175, 178, 185, 186, 187, 188, 189, 191, 202, 203, 209, 210, 212, 213, 215, 217], "summary": {"covered_lines": 72, "num_statements": 78, "percent_covered": 92.3076923076923, "percent_covered_display": "92", "missing_lines": 6, "excluded_lines": 0, "percent_statements_covered": 92.3076923076923, "percent_statements_covered_display": "92"}, "missing_lines": [39, 42, 101, 102, 137, 176], "excluded_lines": [], "functions": {"_load_dataset": {"executed_lines": [37, 38, 40, 41, 43, 44], "summary": {"covered_lines": 6, "num_statements": 8, "percent_covered": 75.0, "percent_covered_display": "75", "missing_lines": 2, "excluded_lines": 0, "percent_statements_covered": 75.0, "percent_statements_covered_display": "75"}, "missing_lines": [39, 42], "excluded_lines": [], "start_line": 36}, "get_suggestions": {"executed_lines": [54, 55, 56, 57], "summary": {"covered_lines": 4, "num_statements": 4, "percent_covered": 100.0, "percent_covered_display": "100", "missing_lines": 0, "excluded_lines": 0, "percent_statements_covered": 100.0, "percent_statements_covered_display": "100"}, "missing_lines": [], "excluded_lines": [], "start_line": 52}, "apply_feature_transforms": {"executed_lines": [89, 91, 94, 100, 104, 110, 111, 112, 114, 115, 119], "summary": {"covered_lines": 11, "num_statements": 13, "percent_covered": 84.61538461538461, "percent_covered_display": "85", "missing_lines": 2, "excluded_lines": 0, "percent_statements_covered": 84.61538461538461, "percent_statements_covered_display": "85"}, "missing_lines": [101, 102], "excluded_lines": [], "start_line": 83}, "preview_feature_set": {"executed_lines": [135, 136, 139, 140, 141, 143, 144], "summary": {"covered_lines": 7, "num_statements": 8, "percent_covered": 87.5, "percent_covered_display": "88", "missing_lines": 1, "excluded_lines": 0, "percent_statements_covered": 87.5, "percent_statements_covered_display": "88"}, "missing_lines": [137], "excluded_lines": [], "start_line": 133}, "set_target": {"executed_lines": [170, 171, 174, 175, 178, 185, 186, 187, 188, 189, 191], "summary": {"covered_lines": 11, "num_statements": 12, "percent_covered": 91.66666666666667, "percent_covered_display": "92", "missing_lines": 1, "excluded_lines": 0, "percent_statements_covered": 91.66666666666667, "percent_statements_covered_display": "92"}, "missing_lines": [176], "excluded_lines": [], "start_line": 164}, "get_feature_importance": {"executed_lines": [209, 210, 212, 213, 215, 217], "summary": {"covered_lines": 6, "num_statements": 6, "percent_covered": 100.0, "percent_covered_display": "100", "missing_lines": 0, "excluded_lines": 0, "percent_statements_covered": 100.0, "percent_statements_covered_display": "100"}, "missing_lines": [], "excluded_lines": [], "start_line": 203}, "": {"executed_lines": [11, 12, 14, 15, 16, 17, 19, 25, 26, 27, 29, 36, 51, 52, 78, 79, 82, 83, 132, 133, 158, 159, 160, 163, 164, 202, 203], "summary": {"covered_lines": 27, "num_statements": 27, "percent_covered": 100.0, "percent_covered_display": "100", "missing_lines": 0, "excluded_lines": 0, "percent_statements_covered": 100.0, "percent_statements_covered_display": "100"}, "missing_lines": [], "excluded_lines": [], "start_line": 1}}, "classes": {"ApplyRequest": {"executed_lines": [], "summary": {"covered_lines": 0, "num_statements": 0, "percent_covered": 100.0, "percent_covered_display": "100", "missing_lines": 0, "excluded_lines": 0, "percent_statements_covered": 100.0, "percent_statements_covered_display": "100"}, "missing_lines": [], "excluded_lines": [], "start_line": 78}, "TargetRequest": {"executed_lines": [], "summary": {"covered_lines": 0, "num_statements": 0, "percent_covered": 100.0, "percent_covered_display": "100", "missing_lines": 0, "excluded_lines": 0, "percent_statements_covered": 100.0, "percent_statements_covered_display": "100"}, "missing_lines": [], "excluded_lines": [], "start_line": 158}, "": {"executed_lines": [11, 12, 14, 15, 16, 17, 19, 25, 26, 27, 29, 36, 37, 38, 40, 41, 43, 44, 51, 52, 54, 55, 56, 57, 78, 79, 82, 83, 89, 91, 94, 100, 104, 110, 111, 112, 114, 115, 119, 132, 133, 135, 136, 139, 140, 141, 143, 144, 158, 159, 160, 163, 164, 170, 171, 174, 175, 178, 185, 186, 187, 188, 189, 191, 202, 203, 209, 210, 212, 213, 215, 217], "summary": {"covered_lines": 72, "num_statements": 78, "percent_covered": 92.3076923076923, "percent_covered_display": "92", "missing_lines": 6, "excluded_lines": 0, "percent_statements_covered": 92.3076923076923, "percent_statements_covered_display": "92"}, "missing_lines": [39, 42, 101, 102, 137, 176], "excluded_lines": [], "start_line": 1}}}, "api/models.py": {"executed_lines": [11, 12, 13, 14, 16, 17, 18, 19, 20, 21, 23, 24, 25, 26, 27, 35, 36, 37, 38, 39, 41, 46, 48, 50, 52, 59, 63, 64, 65, 67, 70, 76, 82, 91, 100, 103, 104, 122, 124, 125, 126, 127, 130, 132, 133, 134, 135, 136, 137, 139, 140, 141, 142, 145, 147, 148, 154, 158, 161, 162, 163, 170, 171, 173, 183, 184, 187, 199, 200, 201, 204, 205, 206, 208, 210, 211, 212, 214, 215, 216, 217, 218, 219, 220, 221, 222, 223, 225, 247, 254, 255, 257, 259, 260, 262, 276, 277, 280, 281, 291, 293, 294, 296, 301, 302, 303, 309, 310, 313, 314, 315, 318, 319, 322, 323, 324, 326, 327, 328, 335, 336, 337, 338, 340, 354, 356, 372, 373, 375, 376, 379, 383, 393, 394, 396, 397, 400, 407, 411, 414, 415, 416, 423, 425, 426, 428, 440, 441, 443, 444, 447, 454, 460, 464, 465, 466, 467, 469, 476, 477, 484, 485, 487, 489, 490, 491, 493, 494, 495, 501, 503, 504, 505, 506, 507, 509, 511, 525, 526, 555, 556, 562, 563, 564, 565, 566, 572, 573, 575, 578, 579, 580, 583, 584, 585, 586, 588, 591, 592, 593, 594, 595, 597, 598, 599, 601, 602, 603, 604, 605, 606, 607, 608, 609, 612, 613, 614, 615, 617, 621, 624, 625, 627, 642, 643, 644], "summary": {"covered_lines": 226, "num_statements": 266, "percent_covered": 84.9624060150376, "percent_covered_display": "85", "missing_lines": 40, "excluded_lines": 0, "percent_statements_covered": 84.9624060150376, "percent_statements_covered_display": "85"}, "missing_lines": [71, 83, 92, 155, 202, 203, 235, 236, 237, 238, 239, 240, 241, 242, 244, 311, 316, 377, 398, 408, 445, 448, 461, 462, 496, 498, 499, 528, 529, 530, 531, 532, 536, 537, 539, 540, 541, 543, 544, 600], "excluded_lines": [], "functions": {"_get_project_context": {"executed_lines": [63, 64, 65, 67, 70, 76, 82, 91, 100], "summary": {"covered_lines": 9, "num_statements": 12, "percent_covered": 75.0, "percent_covered_display": "75", "missing_lines": 3, "excluded_lines": 0, "percent_statements_covered": 75.0, "percent_statements_covered_display": "75"}, "missing_lines": [71, 83, 92], "excluded_lines": [], "start_line": 59}, "_run_to_dict": {"executed_lines": [104], "summary": {"covered_lines": 1, "num_statements": 1, "percent_covered": 100.0, "percent_covered_display": "100", "missing_lines": 0, "excluded_lines": 0, "percent_statements_covered": 100.0, "percent_statements_covered_display": "100"}, "missing_lines": [], "excluded_lines": [], "start_line": 103}, "_push_event": {"executed_lines": [124, 125, 126, 127], "summary": {"covered_lines": 4, "num_statements": 4, "percent_covered": 100.0, "percent_covered_display": "100", "missing_lines": 0, "excluded_lines": 0, "percent_statements_covered": 100.0, "percent_statements_covered_display": "100"}, "missing_lines": [], "excluded_lines": [], "start_line": 122}, "_finish_training_thread": {"executed_lines": [132, 133, 134, 135, 136, 137, 139, 140, 141, 142], "summary": {"covered_lines": 10, "num_statements": 10, "percent_covered": 100.0, "percent_covered_display": "100", "missing_lines": 0, "excluded_lines": 0, "percent_statements_covered": 100.0, "percent_statements_covered_display": "100"}, "missing_lines": [], "excluded_lines": [], "start_line": 130}, "_narrate_training_done": {"executed_lines": [147, 148, 154, 158, 161, 162, 163, 170, 171, 173, 183, 184], "summary": {"covered_lines": 12, "num_statements": 13, "percent_covered": 92.3076923076923, "percent_covered_display": "92", "missing_lines": 1, "excluded_lines": 0, "percent_statements_covered": 92.3076923076923, "percent_statements_covered_display": "92"}, "missing_lines": [155], "excluded_lines": [], "start_line": 145}, "_train_in_background": {"executed_lines": [199, 200, 201, 204, 205, 206, 208, 210, 211, 212, 214, 215, 216, 217, 218, 219, 220, 221, 222, 223, 225, 247], "summary": {"covered_lines": 22, "num_statements": 33, "percent_covered": 66.66666666666667, "percent_covered_display": "67", "missing_lines": 11, "excluded_lines": 0, "percent_statements_covered": 66.66666666666667, "percent_statements_covered_display": "67"}, "missing_lines": [202, 203, 235, 236, 237, 238, 239, 240, 241, 242, 244], "excluded_lines": [], "start_line": 187}, "get_recommendations": {"executed_lines": [257, 259, 260, 262], "summary": {"covered_lines": 4, "num_statements": 4, "percent_covered": 100.0, "percent_covered_display": "100", "missing_lines": 0, "excluded_lines": 0, "percent_statements_covered": 100.0, "percent_statements_covered_display": "100"}, "missing_lines": [], "excluded_lines": [], "start_line": 255}, "start_training": {"executed_lines": [291, 293, 294, 296, 301, 302, 303, 309, 310, 313, 314, 315, 318, 319, 322, 323, 324, 326, 327, 328, 335, 336, 337, 338, 340, 354, 356], "summary": {"covered_lines": 27, "num_statements": 29, "percent_covered": 93.10344827586206, "percent_covered_display": "93", "missing_lines": 2, "excluded_lines": 0, "percent_statements_covered": 93.10344827586206, "percent_statements_covered_display": "93"}, "missing_lines": [311, 316], "excluded_lines": [], "start_line": 281}, "list_runs": {"executed_lines": [375, 376, 379, 383], "summary": {"covered_lines": 4, "num_statements": 5, "percent_covered": 80.0, "percent_covered_display": "80", "missing_lines": 1, "excluded_lines": 0, "percent_statements_covered": 80.0, "percent_statements_covered_display": "80"}, "missing_lines": [377], "excluded_lines": [], "start_line": 373}, "compare_models": {"executed_lines": [396, 397, 400, 407, 411, 414, 415, 416, 423, 425, 426, 428], "summary": {"covered_lines": 12, "num_statements": 14, "percent_covered": 85.71428571428571, "percent_covered_display": "86", "missing_lines": 2, "excluded_lines": 0, "percent_statements_covered": 85.71428571428571, "percent_statements_covered_display": "86"}, "missing_lines": [398, 408], "excluded_lines": [], "start_line": 394}, "select_model": {"executed_lines": [443, 444, 447, 454, 460, 464, 465, 466, 467, 469], "summary": {"covered_lines": 10, "num_statements": 14, "percent_covered": 71.42857142857143, "percent_covered_display": "71", "missing_lines": 4, "excluded_lines": 0, "percent_statements_covered": 71.42857142857143, "percent_statements_covered_display": "71"}, "missing_lines": [445, 448, 461, 462], "excluded_lines": [], "start_line": 441}, "training_stream": {"executed_lines": [484, 485, 487, 511], "summary": {"covered_lines": 4, "num_statements": 4, "percent_covered": 100.0, "percent_covered_display": "100", "missing_lines": 0, "excluded_lines": 0, "percent_statements_covered": 100.0, "percent_statements_covered_display": "100"}, "missing_lines": [], "excluded_lines": [], "start_line": 477}, "training_stream.event_generator": {"executed_lines": [489, 490, 491, 493, 494, 495, 501, 503, 504, 505, 506, 507, 509], "summary": {"covered_lines": 13, "num_statements": 16, "percent_covered": 81.25, "percent_covered_display": "81", "missing_lines": 3, "excluded_lines": 0, "percent_statements_covered": 81.25, "percent_statements_covered_display": "81"}, "missing_lines": [496, 498, 499], "excluded_lines": [], "start_line": 487}, "download_model": {"executed_lines": [], "summary": {"covered_lines": 0, "num_statements": 12, "percent_covered": 0.0, "percent_covered_display": "0", "missing_lines": 12, "excluded_lines": 0, "percent_statements_covered": 0.0, "percent_statements_covered_display": "0"}, "missing_lines": [528, 529, 530, 531, 532, 536, 537, 539, 540, 541, 543, 544], "excluded_lines": [], "start_line": 526}, "download_report": {"executed_lines": [562, 563, 564, 565, 566, 572, 573, 575, 578, 579, 580, 583, 584, 585, 586, 588, 591, 592, 593, 594, 595, 597, 598, 599, 601, 602, 603, 604, 605, 606, 607, 608, 609, 612, 613, 614, 615, 617, 621, 624, 625, 627, 642, 643, 644], "summary": {"covered_lines": 45, "num_statements": 46, "percent_covered": 97.82608695652173, "percent_covered_display": "98", "missing_lines": 1, "excluded_lines": 0, "percent_statements_covered": 97.82608695652173, "percent_statements_covered_display": "98"}, "missing_lines": [600], "excluded_lines": [], "start_line": 556}, "": {"executed_lines": [11, 12, 13, 14, 16, 17, 18, 19, 20, 21, 23, 24, 25, 26, 27, 35, 36, 37, 38, 39, 41, 46, 48, 50, 52, 59, 103, 122, 130, 145, 187, 254, 255, 276, 277, 280, 281, 372, 373, 393, 394, 440, 441, 476, 477, 525, 526, 555, 556], "summary": {"covered_lines": 49, "num_statements": 49, "percent_covered": 100.0, "percent_covered_display": "100", "missing_lines": 0, "excluded_lines": 0, "percent_statements_covered": 100.0, "percent_statements_covered_display": "100"}, "missing_lines": [], "excluded_lines": [], "start_line": 1}}, "classes": {"TrainRequest": {"executed_lines": [], "summary": {"covered_lines": 0, "num_statements": 0, "percent_covered": 100.0, "percent_covered_display": "100", "missing_lines": 0, "excluded_lines": 0, "percent_statements_covered": 100.0, "percent_statements_covered_display": "100"}, "missing_lines": [], "excluded_lines": [], "start_line": 276}, "": {"executed_lines": [11, 12, 13, 14, 16, 17, 18, 19, 20, 21, 23, 24, 25, 26, 27, 35, 36, 37, 38, 39, 41, 46, 48, 50, 52, 59, 63, 64, 65, 67, 70, 76, 82, 91, 100, 103, 104, 122, 124, 125, 126, 127, 130, 132, 133, 134, 135, 136, 137, 139, 140, 141, 142, 145, 147, 148, 154, 158, 161, 162, 163, 170, 171, 173, 183, 184, 187, 199, 200, 201, 204, 205, 206, 208, 210, 211, 212, 214, 215, 216, 217, 218, 219, 220, 221, 222, 223, 225, 247, 254, 255, 257, 259, 260, 262, 276, 277, 280, 281, 291, 293, 294, 296, 301, 302, 303, 309, 310, 313, 314, 315, 318, 319, 322, 323, 324, 326, 327, 328, 335, 336, 337, 338, 340, 354, 356, 372, 373, 375, 376, 379, 383, 393, 394, 396, 397, 400, 407, 411, 414, 415, 416, 423, 425, 426, 428, 440, 441, 443, 444, 447, 454, 460, 464, 465, 466, 467, 469, 476, 477, 484, 485, 487, 489, 490, 491, 493, 494, 495, 501, 503, 504, 505, 506, 507, 509, 511, 525, 526, 555, 556, 562, 563, 564, 565, 566, 572, 573, 575, 578, 579, 580, 583, 584, 585, 586, 588, 591, 592, 593, 594, 595, 597, 598, 599, 601, 602, 603, 604, 605, 606, 607, 608, 609, 612, 613, 614, 615, 617, 621, 624, 625, 627, 642, 643, 644], "summary": {"covered_lines": 226, "num_statements": 266, "percent_covered": 84.9624060150376, "percent_covered_display": "85", "missing_lines": 40, "excluded_lines": 0, "percent_statements_covered": 84.9624060150376, "percent_statements_covered_display": "85"}, "missing_lines": [71, 83, 92, 155, 202, 203, 235, 236, 237, 238, 239, 240, 241, 242, 244, 311, 316, 377, 398, 408, 445, 448, 461, 462, 496, 498, 499, 528, 529, 530, 531, 532, 536, 537, 539, 540, 541, 543, 544, 600], "excluded_lines": [], "start_line": 1}}}, "api/projects.py": {"executed_lines": [1, 2, 4, 5, 6, 8, 9, 10, 11, 13, 16, 17, 18, 21, 22, 23, 26, 27, 28, 29, 30, 31, 32, 35, 36, 37, 38, 39, 40, 43, 44, 45, 46, 47, 48, 49, 52, 53, 54, 55, 56, 57, 60, 68, 74, 89, 92, 93, 94, 95, 96, 97, 100, 108, 114, 129, 130, 135, 136, 137, 138, 139, 140, 141, 142, 143, 144, 145, 146, 149, 150, 151, 152, 153, 154, 159, 160, 161, 162, 165, 166, 167, 168, 170, 171], "summary": {"covered_lines": 85, "num_statements": 86, "percent_covered": 98.83720930232558, "percent_covered_display": "99", "missing_lines": 1, "excluded_lines": 0, "percent_statements_covered": 98.83720930232558, "percent_statements_covered_display": "99"}, "missing_lines": [169], "excluded_lines": [], "functions": {"create_project": {"executed_lines": [45, 46, 47, 48, 49], "summary": {"covered_lines": 5, "num_statements": 5, "percent_covered": 100.0, "percent_covered_display": "100", "missing_lines": 0, "excluded_lines": 0, "percent_statements_covered": 100.0, "percent_statements_covered_display": "100"}, "missing_lines": [], "excluded_lines": [], "start_line": 44}, "list_projects": {"executed_lines": [54, 55, 56, 57, 60, 68, 74, 89], "summary": {"covered_lines": 8, "num_statements": 8, "percent_covered": 100.0, "percent_covered_display": "100", "missing_lines": 0, "excluded_lines": 0, "percent_statements_covered": 100.0, "percent_statements_covered_display": "100"}, "missing_lines": [], "excluded_lines": [], "start_line": 53}, "get_project": {"executed_lines": [94, 95, 96, 97, 100, 108, 114], "summary": {"covered_lines": 7, "num_statements": 7, "percent_covered": 100.0, "percent_covered_display": "100", "missing_lines": 0, "excluded_lines": 0, "percent_statements_covered": 100.0, "percent_statements_covered_display": "100"}, "missing_lines": [], "excluded_lines": [], "start_line": 93}, "update_project": {"executed_lines": [135, 136, 137, 138, 139, 140, 141, 142, 143, 144, 145, 146], "summary": {"covered_lines": 12, "num_statements": 12, "percent_covered": 100.0, "percent_covered_display": "100", "missing_lines": 0, "excluded_lines": 0, "percent_statements_covered": 100.0, "percent_statements_covered_display": "100"}, "missing_lines": [], "excluded_lines": [], "start_line": 130}, "duplicate_project": {"executed_lines": [151, 152, 153, 154, 159, 160, 161, 162], "summary": {"covered_lines": 8, "num_statements": 8, "percent_covered": 100.0, "percent_covered_display": "100", "missing_lines": 0, "excluded_lines": 0, "percent_statements_covered": 100.0, "percent_statements_covered_display": "100"}, "missing_lines": [], "excluded_lines": [], "start_line": 150}, "delete_project": {"executed_lines": [167, 168, 170, 171], "summary": {"covered_lines": 4, "num_statements": 5, "percent_covered": 80.0, "percent_covered_display": "80", "missing_lines": 1, "excluded_lines": 0, "percent_statements_covered": 80.0, "percent_statements_covered_display": "80"}, "missing_lines": [169], "excluded_lines": [], "start_line": 166}, "": {"executed_lines": [1, 2, 4, 5, 6, 8, 9, 10, 11, 13, 16, 17, 18, 21, 22, 23, 26, 27, 28, 29, 30, 31, 32, 35, 36, 37, 38, 39, 40, 43, 44, 52, 53, 92, 93, 129, 130, 149, 150, 165, 166], "summary": {"covered_lines": 41, "num_statements": 41, "percent_covered": 100.0, "percent_covered_display": "100", "missing_lines": 0, "excluded_lines": 0, "percent_statements_covered": 100.0, "percent_statements_covered_display": "100"}, "missing_lines": [], "excluded_lines": [], "start_line": 1}}, "classes": {"ProjectCreate": {"executed_lines": [], "summary": {"covered_lines": 0, "num_statements": 0, "percent_covered": 100.0, "percent_covered_display": "100", "missing_lines": 0, "excluded_lines": 0, "percent_statements_covered": 100.0, "percent_statements_covered_display": "100"}, "missing_lines": [], "excluded_lines": [], "start_line": 16}, "ProjectUpdate": {"executed_lines": [], "summary": {"covered_lines": 0, "num_statements": 0, "percent_covered": 100.0, "percent_covered_display": "100", "missing_lines": 0, "excluded_lines": 0, "percent_statements_covered": 100.0, "percent_statements_covered_display": "100"}, "missing_lines": [], "excluded_lines": [], "start_line": 21}, "ProjectResponse": {"executed_lines": [], "summary": {"covered_lines": 0, "num_statements": 0, "percent_covered": 100.0, "percent_covered_display": "100", "missing_lines": 0, "excluded_lines": 0, "percent_statements_covered": 100.0, "percent_statements_covered_display": "100"}, "missing_lines": [], "excluded_lines": [], "start_line": 26}, "ProjectWithStats": {"executed_lines": [], "summary": {"covered_lines": 0, "num_statements": 0, "percent_covered": 100.0, "percent_covered_display": "100", "missing_lines": 0, "excluded_lines": 0, "percent_statements_covered": 100.0, "percent_statements_covered_display": "100"}, "missing_lines": [], "excluded_lines": [], "start_line": 35}, "": {"executed_lines": [1, 2, 4, 5, 6, 8, 9, 10, 11, 13, 16, 17, 18, 21, 22, 23, 26, 27, 28, 29, 30, 31, 32, 35, 36, 37, 38, 39, 40, 43, 44, 45, 46, 47, 48, 49, 52, 53, 54, 55, 56, 57, 60, 68, 74, 89, 92, 93, 94, 95, 96, 97, 100, 108, 114, 129, 130, 135, 136, 137, 138, 139, 140, 141, 142, 143, 144, 145, 146, 149, 150, 151, 152, 153, 154, 159, 160, 161, 162, 165, 166, 167, 168, 170, 171], "summary": {"covered_lines": 85, "num_statements": 86, "percent_covered": 98.83720930232558, "percent_covered_display": "99", "missing_lines": 1, "excluded_lines": 0, "percent_statements_covered": 98.83720930232558, "percent_statements_covered_display": "99"}, "missing_lines": [169], "excluded_lines": [], "start_line": 1}}}, "api/validation.py": {"executed_lines": [9, 11, 12, 14, 15, 16, 17, 18, 20, 21, 22, 23, 28, 34, 35, 36, 37, 39, 47, 49, 50, 51, 53, 59, 62, 63, 66, 69, 72, 73, 76, 79, 84, 85, 86, 89, 90, 91, 93, 94, 97, 99, 103, 108, 109, 117, 118, 123, 125, 126, 128, 131, 132, 135, 136, 138, 142, 143, 146, 147, 155, 171, 172, 177, 179, 180, 182, 183, 185, 186, 191, 205, 206, 212, 214, 215, 216, 218, 219, 224, 225, 227, 236], "summary": {"covered_lines": 83, "num_statements": 92, "percent_covered": 90.21739130434783, "percent_covered_display": "90", "missing_lines": 9, "excluded_lines": 0, "percent_statements_covered": 90.21739130434783, "percent_statements_covered_display": "90"}, "missing_lines": [54, 60, 64, 70, 74, 87, 104, 139, 140], "excluded_lines": [], "functions": {"_load_run_context": {"executed_lines": [49, 50, 51, 53, 59, 62, 63, 66, 69, 72, 73, 76], "summary": {"covered_lines": 12, "num_statements": 17, "percent_covered": 70.58823529411765, "percent_covered_display": "71", "missing_lines": 5, "excluded_lines": 0, "percent_statements_covered": 70.58823529411765, "percent_statements_covered_display": "71"}, "missing_lines": [54, 60, 64, 70, 74], "excluded_lines": [], "start_line": 47}, "_build_Xy": {"executed_lines": [84, 85, 86, 89, 90, 91, 93, 94], "summary": {"covered_lines": 8, "num_statements": 9, "percent_covered": 88.88888888888889, "percent_covered_display": "89", "missing_lines": 1, "excluded_lines": 0, "percent_statements_covered": 88.88888888888889, "percent_statements_covered_display": "89"}, "missing_lines": [87], "excluded_lines": [], "start_line": 79}, "_get_unfitted_model": {"executed_lines": [99, 103, 108, 109], "summary": {"covered_lines": 4, "num_statements": 5, "percent_covered": 80.0, "percent_covered_display": "80", "missing_lines": 1, "excluded_lines": 0, "percent_statements_covered": 80.0, "percent_statements_covered_display": "80"}, "missing_lines": [104], "excluded_lines": [], "start_line": 97}, "get_validation_metrics": {"executed_lines": [123, 125, 126, 128, 131, 132, 135, 136, 138, 142, 143, 146, 147, 155], "summary": {"covered_lines": 14, "num_statements": 16, "percent_covered": 87.5, "percent_covered_display": "88", "missing_lines": 2, "excluded_lines": 0, "percent_statements_covered": 87.5, "percent_statements_covered_display": "88"}, "missing_lines": [139, 140], "excluded_lines": [], "start_line": 118}, "get_global_explanation": {"executed_lines": [177, 179, 180, 182, 183, 185, 186, 191], "summary": {"covered_lines": 8, "num_statements": 8, "percent_covered": 100.0, "percent_covered_display": "100", "missing_lines": 0, "excluded_lines": 0, "percent_statements_covered": 100.0, "percent_statements_covered_display": "100"}, "missing_lines": [], "excluded_lines": [], "start_line": 172}, "get_row_explanation": {"executed_lines": [212, 214, 215, 216, 218, 219, 224, 225, 227, 236], "summary": {"covered_lines": 10, "num_statements": 10, "percent_covered": 100.0, "percent_covered_display": "100", "missing_lines": 0, "excluded_lines": 0, "percent_statements_covered": 100.0, "percent_statements_covered_display": "100"}, "missing_lines": [], "excluded_lines": [], "start_line": 206}, "": {"executed_lines": [9, 11, 12, 14, 15, 16, 17, 18, 20, 21, 22, 23, 28, 34, 35, 36, 37, 39, 47, 79, 97, 117, 118, 171, 172, 205, 206], "summary": {"covered_lines": 27, "num_statements": 27, "percent_covered": 100.0, "percent_covered_display": "100", "missing_lines": 0, "excluded_lines": 0, "percent_statements_covered": 100.0, "percent_statements_covered_display": "100"}, "missing_lines": [], "excluded_lines": [], "start_line": 1}}, "classes": {"": {"executed_lines": [9, 11, 12, 14, 15, 16, 17, 18, 20, 21, 22, 23, 28, 34, 35, 36, 37, 39, 47, 49, 50, 51, 53, 59, 62, 63, 66, 69, 72, 73, 76, 79, 84, 85, 86, 89, 90, 91, 93, 94, 97, 99, 103, 108, 109, 117, 118, 123, 125, 126, 128, 131, 132, 135, 136, 138, 142, 143, 146, 147, 155, 171, 172, 177, 179, 180, 182, 183, 185, 186, 191, 205, 206, 212, 214, 215, 216, 218, 219, 224, 225, 227, 236], "summary": {"covered_lines": 83, "num_statements": 92, "percent_covered": 90.21739130434783, "percent_covered_display": "90", "missing_lines": 9, "excluded_lines": 0, "percent_statements_covered": 90.21739130434783, "percent_statements_covered_display": "90"}, "missing_lines": [54, 60, 64, 70, 74, 87, 104, 139, 140], "excluded_lines": [], "start_line": 1}}}, "chat/__init__.py": {"executed_lines": [], "summary": {"covered_lines": 0, "num_statements": 0, "percent_covered": 100.0, "percent_covered_display": "100", "missing_lines": 0, "excluded_lines": 0, "percent_statements_covered": 100.0, "percent_statements_covered_display": "100"}, "missing_lines": [], "excluded_lines": [], "functions": {"": {"executed_lines": [], "summary": {"covered_lines": 0, "num_statements": 0, "percent_covered": 100.0, "percent_covered_display": "100", "missing_lines": 0, "excluded_lines": 0, "percent_statements_covered": 100.0, "percent_statements_covered_display": "100"}, "missing_lines": [], "excluded_lines": [], "start_line": 1}}, "classes": {"": {"executed_lines": [], "summary": {"covered_lines": 0, "num_statements": 0, "percent_covered": 100.0, "percent_covered_display": "100", "missing_lines": 0, "excluded_lines": 0, "percent_statements_covered": 100.0, "percent_statements_covered_display": "100"}, "missing_lines": [], "excluded_lines": [], "start_line": 1}}}, "chat/narration.py": {"executed_lines": [12, 14, 21, 35, 39, 40, 41, 42, 43, 44, 45, 47, 48, 49, 50, 52, 59, 66, 71, 74, 75, 76, 79, 80, 81, 82, 83, 84, 85, 90, 91, 93, 94, 95, 96, 97, 98, 99, 100, 103, 104, 105, 110, 111, 113, 114, 115, 116, 120, 127, 139, 140, 142, 143, 144, 149, 151, 153, 154, 155, 156, 157, 158, 159, 160, 161, 162, 163, 164, 165, 166, 167, 169, 170, 171, 173, 179, 180, 181, 182, 183, 184, 185, 187, 192, 197, 204, 206, 208, 209, 211, 212, 213, 214, 215, 216, 220, 227, 233, 248, 258, 260, 262, 264, 265, 267, 268, 269, 270, 271, 272, 273, 275, 276, 283, 284, 285, 286], "summary": {"covered_lines": 118, "num_statements": 123, "percent_covered": 95.9349593495935, "percent_covered_display": "96", "missing_lines": 5, "excluded_lines": 0, "percent_statements_covered": 95.9349593495935, "percent_statements_covered_display": "96"}, "missing_lines": [86, 87, 101, 102, 188], "excluded_lines": [], "functions": {"narrate_upload": {"executed_lines": [35, 39, 40, 41, 42, 43, 44, 45, 47, 48, 49, 50, 52, 59], "summary": {"covered_lines": 14, "num_statements": 14, "percent_covered": 100.0, "percent_covered_display": "100", "missing_lines": 0, "excluded_lines": 0, "percent_statements_covered": 100.0, "percent_statements_covered_display": "100"}, "missing_lines": [], "excluded_lines": [], "start_line": 21}, "narrate_profile_highlights": {"executed_lines": [71, 74, 75, 76, 79, 80, 81, 82, 83, 84, 85, 90, 91, 93, 94, 95, 96, 97, 98, 99, 100, 103, 104, 105, 110, 111, 113, 114, 115, 116, 120], "summary": {"covered_lines": 31, "num_statements": 35, "percent_covered": 88.57142857142857, "percent_covered_display": "89", "missing_lines": 4, "excluded_lines": 0, "percent_statements_covered": 88.57142857142857, "percent_statements_covered_display": "89"}, "missing_lines": [86, 87, 101, 102], "excluded_lines": [], "start_line": 66}, "narrate_training_complete": {"executed_lines": [139, 140, 142, 143, 144, 149, 151, 153, 154, 155, 156, 157, 158, 159, 160, 161, 162, 163, 164, 165, 166, 167, 169, 170, 171, 173, 179, 180, 181, 182, 183, 184, 185, 187, 192, 197], "summary": {"covered_lines": 36, "num_statements": 37, "percent_covered": 97.29729729729729, "percent_covered_display": "97", "missing_lines": 1, "excluded_lines": 0, "percent_statements_covered": 97.29729729729729, "percent_statements_covered_display": "97"}, "missing_lines": [188], "excluded_lines": [], "start_line": 127}, "narrate_model_selected": {"executed_lines": [206, 208, 209, 211, 212, 213, 214, 215, 216, 220], "summary": {"covered_lines": 10, "num_statements": 10, "percent_covered": 100.0, "percent_covered_display": "100", "missing_lines": 0, "excluded_lines": 0, "percent_statements_covered": 100.0, "percent_statements_covered_display": "100"}, "missing_lines": [], "excluded_lines": [], "start_line": 204}, "narrate_deployment": {"executed_lines": [233], "summary": {"covered_lines": 1, "num_statements": 1, "percent_covered": 100.0, "percent_covered_display": "100", "missing_lines": 0, "excluded_lines": 0, "percent_statements_covered": 100.0, "percent_statements_covered_display": "100"}, "missing_lines": [], "excluded_lines": [], "start_line": 227}, "append_bot_message_to_conversation": {"executed_lines": [258, 260, 262, 264, 267, 268, 269, 270, 271, 272, 273, 275, 276, 283, 284, 285, 286], "summary": {"covered_lines": 17, "num_statements": 17, "percent_covered": 100.0, "percent_covered_display": "100", "missing_lines": 0, "excluded_lines": 0, "percent_statements_covered": 100.0, "percent_statements_covered_display": "100"}, "missing_lines": [], "excluded_lines": [], "start_line": 248}, "append_bot_message_to_conversation._utcnow": {"executed_lines": [265], "summary": {"covered_lines": 1, "num_statements": 1, "percent_covered": 100.0, "percent_covered_display": "100", "missing_lines": 0, "excluded_lines": 0, "percent_statements_covered": 100.0, "percent_statements_covered_display": "100"}, "missing_lines": [], "excluded_lines": [], "start_line": 264}, "": {"executed_lines": [12, 14, 21, 66, 127, 204, 227, 248], "summary": {"covered_lines": 8, "num_statements": 8, "percent_covered": 100.0, "percent_covered_display": "100", "missing_lines": 0, "excluded_lines": 0, "percent_statements_covered": 100.0, "percent_statements_covered_display": "100"}, "missing_lines": [], "excluded_lines": [], "start_line": 1}}, "classes": {"": {"executed_lines": [12, 14, 21, 35, 39, 40, 41, 42, 43, 44, 45, 47, 48, 49, 50, 52, 59, 66, 71, 74, 75, 76, 79, 80, 81, 82, 83, 84, 85, 90, 91, 93, 94, 95, 96, 97, 98, 99, 100, 103, 104, 105, 110, 111, 113, 114, 115, 116, 120, 127, 139, 140, 142, 143, 144, 149, 151, 153, 154, 155, 156, 157, 158, 159, 160, 161, 162, 163, 164, 165, 166, 167, 169, 170, 171, 173, 179, 180, 181, 182, 183, 184, 185, 187, 192, 197, 204, 206, 208, 209, 211, 212, 213, 214, 215, 216, 220, 227, 233, 248, 258, 260, 262, 264, 265, 267, 268, 269, 270, 271, 272, 273, 275, 276, 283, 284, 285, 286], "summary": {"covered_lines": 118, "num_statements": 123, "percent_covered": 95.9349593495935, "percent_covered_display": "96", "missing_lines": 5, "excluded_lines": 0, "percent_statements_covered": 95.9349593495935, "percent_statements_covered_display": "96"}, "missing_lines": [86, 87, 101, 102, 188], "excluded_lines": [], "start_line": 1}}}, "chat/orchestrator.py": {"executed_lines": [8, 9, 11, 12, 13, 14, 15, 22, 32, 33, 34, 35, 36, 37, 38, 39, 40, 41, 48, 97, 111, 112, 114, 116, 121, 122, 124, 132, 133, 134, 137, 138, 139, 141, 142, 143, 144, 145, 146, 147, 148, 149, 150, 151, 152, 156, 169, 175, 176, 181, 194, 195, 196, 197, 198, 199, 200, 201, 202, 203, 204, 205, 211, 212, 213, 216, 217, 224], "summary": {"covered_lines": 68, "num_statements": 87, "percent_covered": 78.16091954022988, "percent_covered_display": "78", "missing_lines": 19, "excluded_lines": 0, "percent_statements_covered": 78.16091954022988, "percent_statements_covered_display": "78"}, "missing_lines": [153, 154, 157, 158, 160, 161, 162, 163, 166, 167, 182, 183, 184, 185, 186, 190, 191, 209, 210], "excluded_lines": [], "functions": {"detect_state": {"executed_lines": [32, 33, 34, 35, 36, 37, 38, 39, 40, 41], "summary": {"covered_lines": 10, "num_statements": 10, "percent_covered": 100.0, "percent_covered_display": "100", "missing_lines": 0, "excluded_lines": 0, "percent_statements_covered": 100.0, "percent_statements_covered_display": "100"}, "missing_lines": [], "excluded_lines": [], "start_line": 22}, "build_system_prompt": {"executed_lines": [111, 112, 114, 116, 121, 122, 124, 132, 133, 134, 137, 138, 139, 141, 142, 143, 144, 145, 146, 147, 148, 149, 150, 151, 152, 156, 169, 175, 176, 181, 194, 195, 196, 197, 198, 199, 200, 201, 202, 203, 204, 205, 211, 212, 213, 216, 217, 224], "summary": {"covered_lines": 48, "num_statements": 67, "percent_covered": 71.64179104477611, "percent_covered_display": "72", "missing_lines": 19, "excluded_lines": 0, "percent_statements_covered": 71.64179104477611, "percent_statements_covered_display": "72"}, "missing_lines": [153, 154, 157, 158, 160, 161, 162, 163, 166, 167, 182, 183, 184, 185, 186, 190, 191, 209, 210], "excluded_lines": [], "start_line": 97}, "": {"executed_lines": [8, 9, 11, 12, 13, 14, 15, 22, 48, 97], "summary": {"covered_lines": 10, "num_statements": 10, "percent_covered": 100.0, "percent_covered_display": "100", "missing_lines": 0, "excluded_lines": 0, "percent_statements_covered": 100.0, "percent_statements_covered_display": "100"}, "missing_lines": [], "excluded_lines": [], "start_line": 1}}, "classes": {"": {"executed_lines": [8, 9, 11, 12, 13, 14, 15, 22, 32, 33, 34, 35, 36, 37, 38, 39, 40, 41, 48, 97, 111, 112, 114, 116, 121, 122, 124, 132, 133, 134, 137, 138, 139, 141, 142, 143, 144, 145, 146, 147, 148, 149, 150, 151, 152, 156, 169, 175, 176, 181, 194, 195, 196, 197, 198, 199, 200, 201, 202, 203, 204, 205, 211, 212, 213, 216, 217, 224], "summary": {"covered_lines": 68, "num_statements": 87, "percent_covered": 78.16091954022988, "percent_covered_display": "78", "missing_lines": 19, "excluded_lines": 0, "percent_statements_covered": 78.16091954022988, "percent_statements_covered_display": "78"}, "missing_lines": [153, 154, 157, 158, 160, 161, 162, 163, 166, 167, 182, 183, 184, 185, 186, 190, 191, 209, 210], "excluded_lines": [], "start_line": 1}}}, "chat/prompts.py": {"executed_lines": [9, 16, 52, 66, 120, 127, 128, 130, 131, 132, 134, 136, 137, 138, 141, 142, 143, 144, 145, 146, 149, 152, 154, 155, 156, 157, 158, 160, 161, 162, 163, 170, 181, 194, 206, 207, 208, 209, 210, 211, 212, 214, 216, 218, 233], "summary": {"covered_lines": 45, "num_statements": 46, "percent_covered": 97.82608695652173, "percent_covered_display": "98", "missing_lines": 1, "excluded_lines": 0, "percent_statements_covered": 97.82608695652173, "percent_statements_covered_display": "98"}, "missing_lines": [147], "excluded_lines": [], "functions": {"format_metric": {"executed_lines": [127, 128, 130, 131, 132, 134, 136, 137, 138, 141, 142, 143, 144, 145, 146, 149], "summary": {"covered_lines": 16, "num_statements": 17, "percent_covered": 94.11764705882354, "percent_covered_display": "94", "missing_lines": 1, "excluded_lines": 0, "percent_statements_covered": 94.11764705882354, "percent_statements_covered_display": "94"}, "missing_lines": [147], "excluded_lines": [], "start_line": 120}, "summarise_metrics": {"executed_lines": [154, 155, 156, 157, 158, 160, 161, 162, 163], "summary": {"covered_lines": 9, "num_statements": 9, "percent_covered": 100.0, "percent_covered_display": "100", "missing_lines": 0, "excluded_lines": 0, "percent_statements_covered": 100.0, "percent_statements_covered_display": "100"}, "missing_lines": [], "excluded_lines": [], "start_line": 152}, "build_proactive_insight_prompt": {"executed_lines": [181], "summary": {"covered_lines": 1, "num_statements": 1, "percent_covered": 100.0, "percent_covered_display": "100", "missing_lines": 0, "excluded_lines": 0, "percent_statements_covered": 100.0, "percent_statements_covered_display": "100"}, "missing_lines": [], "excluded_lines": [], "start_line": 170}, "build_model_comparison_narrative_prompt": {"executed_lines": [206, 207, 208, 209, 210, 211, 212, 214, 216, 218], "summary": {"covered_lines": 10, "num_statements": 10, "percent_covered": 100.0, "percent_covered_display": "100", "missing_lines": 0, "excluded_lines": 0, "percent_statements_covered": 100.0, "percent_statements_covered_display": "100"}, "missing_lines": [], "excluded_lines": [], "start_line": 194}, "": {"executed_lines": [9, 16, 52, 66, 120, 152, 170, 194, 233], "summary": {"covered_lines": 9, "num_statements": 9, "percent_covered": 100.0, "percent_covered_display": "100", "missing_lines": 0, "excluded_lines": 0, "percent_statements_covered": 100.0, "percent_statements_covered_display": "100"}, "missing_lines": [], "excluded_lines": [], "start_line": 1}}, "classes": {"": {"executed_lines": [9, 16, 52, 66, 120, 127, 128, 130, 131, 132, 134, 136, 137, 138, 141, 142, 143, 144, 145, 146, 149, 152, 154, 155, 156, 157, 158, 160, 161, 162, 163, 170, 181, 194, 206, 207, 208, 209, 210, 211, 212, 214, 216, 218, 233], "summary": {"covered_lines": 45, "num_statements": 46, "percent_covered": 97.82608695652173, "percent_covered_display": "98", "missing_lines": 1, "excluded_lines": 0, "percent_statements_covered": 97.82608695652173, "percent_statements_covered_display": "98"}, "missing_lines": [147], "excluded_lines": [], "start_line": 1}}}, "core/__init__.py": {"executed_lines": [], "summary": {"covered_lines": 0, "num_statements": 0, "percent_covered": 100.0, "percent_covered_display": "100", "missing_lines": 0, "excluded_lines": 0, "percent_statements_covered": 100.0, "percent_statements_covered_display": "100"}, "missing_lines": [], "excluded_lines": [], "functions": {"": {"executed_lines": [], "summary": {"covered_lines": 0, "num_statements": 0, "percent_covered": 100.0, "percent_covered_display": "100", "missing_lines": 0, "excluded_lines": 0, "percent_statements_covered": 100.0, "percent_statements_covered_display": "100"}, "missing_lines": [], "excluded_lines": [], "start_line": 1}}, "classes": {"": {"executed_lines": [], "summary": {"covered_lines": 0, "num_statements": 0, "percent_covered": 100.0, "percent_covered_display": "100", "missing_lines": 0, "excluded_lines": 0, "percent_statements_covered": 100.0, "percent_statements_covered_display": "100"}, "missing_lines": [], "excluded_lines": [], "start_line": 1}}}, "core/analyzer.py": {"executed_lines": [1, 3, 4, 11, 18, 20, 21, 22, 23, 24, 25, 27, 34, 44, 45, 46, 47, 48, 50, 52, 63, 69, 72, 73, 74, 75, 76, 77, 79, 82, 83, 84, 85, 87, 88, 89, 90, 91, 92, 93, 96, 97, 100, 102, 113, 115, 117, 118, 119, 122, 124, 125, 131, 133, 134, 135, 136, 137, 138, 139, 140, 141, 149, 151, 152, 153, 154, 155, 156, 157, 158, 161, 168, 171, 172, 173, 182, 191, 192, 193, 194, 195, 203, 204, 205, 206, 217, 218, 233, 234, 235, 244, 245, 246, 247, 248, 258, 261, 263, 264, 267, 270, 272, 273, 274, 275], "summary": {"covered_lines": 106, "num_statements": 112, "percent_covered": 94.64285714285714, "percent_covered_display": "95", "missing_lines": 6, "excluded_lines": 0, "percent_statements_covered": 94.64285714285714, "percent_statements_covered_display": "95"}, "missing_lines": [116, 183, 219, 220, 221, 276], "excluded_lines": [], "functions": {"analyze_dataframe": {"executed_lines": [18, 20, 21, 22, 23, 24, 25, 27, 34, 44, 45, 46, 47, 48, 50, 52], "summary": {"covered_lines": 16, "num_statements": 16, "percent_covered": 100.0, "percent_covered_display": "100", "missing_lines": 0, "excluded_lines": 0, "percent_statements_covered": 100.0, "percent_statements_covered_display": "100"}, "missing_lines": [], "excluded_lines": [], "start_line": 11}, "compute_full_profile": {"executed_lines": [69, 72, 73, 74, 75, 76, 77, 79, 82, 83, 84, 85, 87, 88, 89, 90, 91, 92, 93, 96, 97, 100, 102], "summary": {"covered_lines": 23, "num_statements": 23, "percent_covered": 100.0, "percent_covered_display": "100", "missing_lines": 0, "excluded_lines": 0, "percent_statements_covered": 100.0, "percent_statements_covered_display": "100"}, "missing_lines": [], "excluded_lines": [], "start_line": 63}, "_numeric_distribution": {"executed_lines": [115, 117, 118, 119], "summary": {"covered_lines": 4, "num_statements": 5, "percent_covered": 80.0, "percent_covered_display": "80", "missing_lines": 1, "excluded_lines": 0, "percent_statements_covered": 80.0, "percent_statements_covered_display": "80"}, "missing_lines": [116], "excluded_lines": [], "start_line": 113}, "_categorical_distribution": {"executed_lines": [124, 125], "summary": {"covered_lines": 2, "num_statements": 2, "percent_covered": 100.0, "percent_covered_display": "100", "missing_lines": 0, "excluded_lines": 0, "percent_statements_covered": 100.0, "percent_statements_covered_display": "100"}, "missing_lines": [], "excluded_lines": [], "start_line": 122}, "_detect_outliers": {"executed_lines": [133, 134, 135, 136, 137, 138, 139, 140, 141], "summary": {"covered_lines": 9, "num_statements": 9, "percent_covered": 100.0, "percent_covered_display": "100", "missing_lines": 0, "excluded_lines": 0, "percent_statements_covered": 100.0, "percent_statements_covered_display": "100"}, "missing_lines": [], "excluded_lines": [], "start_line": 131}, "_corr_matrix_dict": {"executed_lines": [151, 152, 153, 154, 155, 156, 157, 158], "summary": {"covered_lines": 8, "num_statements": 8, "percent_covered": 100.0, "percent_covered_display": "100", "missing_lines": 0, "excluded_lines": 0, "percent_statements_covered": 100.0, "percent_statements_covered_display": "100"}, "missing_lines": [], "excluded_lines": [], "start_line": 149}, "_detect_patterns": {"executed_lines": [168, 171, 172, 173, 182, 191, 192, 193, 194, 195, 203, 204, 205, 206, 217, 218, 233, 234, 235, 244, 245, 246, 247, 248, 258], "summary": {"covered_lines": 25, "num_statements": 29, "percent_covered": 86.20689655172414, "percent_covered_display": "86", "missing_lines": 4, "excluded_lines": 0, "percent_statements_covered": 86.20689655172414, "percent_statements_covered_display": "86"}, "missing_lines": [183, 219, 220, 221], "excluded_lines": [], "start_line": 161}, "_looks_like_date": {"executed_lines": [263, 264, 267], "summary": {"covered_lines": 3, "num_statements": 3, "percent_covered": 100.0, "percent_covered_display": "100", "missing_lines": 0, "excluded_lines": 0, "percent_statements_covered": 100.0, "percent_statements_covered_display": "100"}, "missing_lines": [], "excluded_lines": [], "start_line": 261}, "_safe_scalar": {"executed_lines": [272, 273, 274, 275], "summary": {"covered_lines": 4, "num_statements": 5, "percent_covered": 80.0, "percent_covered_display": "80", "missing_lines": 1, "excluded_lines": 0, "percent_statements_covered": 80.0, "percent_statements_covered_display": "80"}, "missing_lines": [276], "excluded_lines": [], "start_line": 270}, "": {"executed_lines": [1, 3, 4, 11, 63, 113, 122, 131, 149, 161, 261, 270], "summary": {"covered_lines": 12, "num_statements": 12, "percent_covered": 100.0, "percent_covered_display": "100", "missing_lines": 0, "excluded_lines": 0, "percent_statements_covered": 100.0, "percent_statements_covered_display": "100"}, "missing_lines": [], "excluded_lines": [], "start_line": 1}}, "classes": {"": {"executed_lines": [1, 3, 4, 11, 18, 20, 21, 22, 23, 24, 25, 27, 34, 44, 45, 46, 47, 48, 50, 52, 63, 69, 72, 73, 74, 75, 76, 77, 79, 82, 83, 84, 85, 87, 88, 89, 90, 91, 92, 93, 96, 97, 100, 102, 113, 115, 117, 118, 119, 122, 124, 125, 131, 133, 134, 135, 136, 137, 138, 139, 140, 141, 149, 151, 152, 153, 154, 155, 156, 157, 158, 161, 168, 171, 172, 173, 182, 191, 192, 193, 194, 195, 203, 204, 205, 206, 217, 218, 233, 234, 235, 244, 245, 246, 247, 248, 258, 261, 263, 264, 267, 270, 272, 273, 274, 275], "summary": {"covered_lines": 106, "num_statements": 112, "percent_covered": 94.64285714285714, "percent_covered_display": "95", "missing_lines": 6, "excluded_lines": 0, "percent_statements_covered": 94.64285714285714, "percent_statements_covered_display": "95"}, "missing_lines": [116, 183, 219, 220, 221, 276], "excluded_lines": [], "start_line": 1}}}, "core/chart_builder.py": {"executed_lines": [18, 20, 22, 23, 26, 34, 35, 37, 40, 41, 43, 45, 56, 68, 69, 70, 71, 72, 73, 74, 76, 87, 95, 98, 109, 118, 119, 120, 121, 122, 123, 125, 136, 142, 143, 145, 147, 150, 151, 152, 153, 154, 155, 157, 158, 169, 182, 183, 184, 186, 187, 189, 191, 192, 193, 194, 200, 202, 203, 205, 206, 207, 208, 210, 211, 212, 215, 216, 217, 218, 219, 226, 229, 231, 232, 233, 234, 235], "summary": {"covered_lines": 78, "num_statements": 78, "percent_covered": 100.0, "percent_covered_display": "100", "missing_lines": 0, "excluded_lines": 0, "percent_statements_covered": 100.0, "percent_statements_covered_display": "100"}, "missing_lines": [], "excluded_lines": [], "functions": {"build_bar_chart": {"executed_lines": [34, 35, 37, 40, 41, 43, 45], "summary": {"covered_lines": 7, "num_statements": 7, "percent_covered": 100.0, "percent_covered_display": "100", "missing_lines": 0, "excluded_lines": 0, "percent_statements_covered": 100.0, "percent_statements_covered_display": "100"}, "missing_lines": [], "excluded_lines": [], "start_line": 26}, "build_line_chart": {"executed_lines": [68, 69, 70, 71, 72, 73, 74, 76], "summary": {"covered_lines": 8, "num_statements": 8, "percent_covered": 100.0, "percent_covered_display": "100", "missing_lines": 0, "excluded_lines": 0, "percent_statements_covered": 100.0, "percent_statements_covered_display": "100"}, "missing_lines": [], "excluded_lines": [], "start_line": 56}, "build_histogram": {"executed_lines": [95, 98], "summary": {"covered_lines": 2, "num_statements": 2, "percent_covered": 100.0, "percent_covered_display": "100", "missing_lines": 0, "excluded_lines": 0, "percent_statements_covered": 100.0, "percent_statements_covered_display": "100"}, "missing_lines": [], "excluded_lines": [], "start_line": 87}, "build_scatter_chart": {"executed_lines": [118, 119, 120, 121, 122, 123, 125], "summary": {"covered_lines": 7, "num_statements": 7, "percent_covered": 100.0, "percent_covered_display": "100", "missing_lines": 0, "excluded_lines": 0, "percent_statements_covered": 100.0, "percent_statements_covered_display": "100"}, "missing_lines": [], "excluded_lines": [], "start_line": 109}, "build_pie_chart": {"executed_lines": [142, 143, 145, 147, 150, 151, 152, 153, 154, 155, 157, 158], "summary": {"covered_lines": 12, "num_statements": 12, "percent_covered": 100.0, "percent_covered_display": "100", "missing_lines": 0, "excluded_lines": 0, "percent_statements_covered": 100.0, "percent_statements_covered_display": "100"}, "missing_lines": [], "excluded_lines": [], "start_line": 136}, "chart_from_query_result": {"executed_lines": [182, 183, 184, 186, 187, 189, 191, 192, 193, 194, 200, 202, 203, 205, 206, 207, 208, 210, 211, 212, 215, 216, 217, 218, 219, 226], "summary": {"covered_lines": 26, "num_statements": 26, "percent_covered": 100.0, "percent_covered_display": "100", "missing_lines": 0, "excluded_lines": 0, "percent_statements_covered": 100.0, "percent_statements_covered_display": "100"}, "missing_lines": [], "excluded_lines": [], "start_line": 169}, "_jsonify": {"executed_lines": [231, 232, 233, 234, 235], "summary": {"covered_lines": 5, "num_statements": 5, "percent_covered": 100.0, "percent_covered_display": "100", "missing_lines": 0, "excluded_lines": 0, "percent_statements_covered": 100.0, "percent_statements_covered_display": "100"}, "missing_lines": [], "excluded_lines": [], "start_line": 229}, "": {"executed_lines": [18, 20, 22, 23, 26, 56, 87, 109, 136, 169, 229], "summary": {"covered_lines": 11, "num_statements": 11, "percent_covered": 100.0, "percent_covered_display": "100", "missing_lines": 0, "excluded_lines": 0, "percent_statements_covered": 100.0, "percent_statements_covered_display": "100"}, "missing_lines": [], "excluded_lines": [], "start_line": 1}}, "classes": {"": {"executed_lines": [18, 20, 22, 23, 26, 34, 35, 37, 40, 41, 43, 45, 56, 68, 69, 70, 71, 72, 73, 74, 76, 87, 95, 98, 109, 118, 119, 120, 121, 122, 123, 125, 136, 142, 143, 145, 147, 150, 151, 152, 153, 154, 155, 157, 158, 169, 182, 183, 184, 186, 187, 189, 191, 192, 193, 194, 200, 202, 203, 205, 206, 207, 208, 210, 211, 212, 215, 216, 217, 218, 219, 226, 229, 231, 232, 233, 234, 235], "summary": {"covered_lines": 78, "num_statements": 78, "percent_covered": 100.0, "percent_covered_display": "100", "missing_lines": 0, "excluded_lines": 0, "percent_statements_covered": 100.0, "percent_statements_covered_display": "100"}, "missing_lines": [], "excluded_lines": [], "start_line": 1}}}, "core/deployer.py": {"executed_lines": [11, 13, 14, 15, 16, 17, 19, 20, 21, 22, 30, 31, 34, 35, 36, 37, 38, 39, 40, 41, 43, 45, 46, 47, 48, 49, 50, 51, 54, 55, 56, 57, 58, 61, 64, 66, 68, 69, 70, 71, 73, 75, 76, 77, 78, 79, 87, 98, 106, 108, 109, 110, 111, 112, 114, 115, 116, 117, 120, 121, 122, 123, 124, 125, 127, 135, 136, 139, 140, 148, 158, 159, 161, 162, 163, 165, 173, 182, 190, 199, 200, 202, 205, 206, 208, 209, 212, 216, 217, 218, 226, 228, 229, 230, 231, 232, 236, 237, 238, 240, 241, 242], "summary": {"covered_lines": 102, "num_statements": 108, "percent_covered": 94.44444444444444, "percent_covered_display": "94", "missing_lines": 6, "excluded_lines": 0, "percent_statements_covered": 94.44444444444444, "percent_statements_covered_display": "94"}, "missing_lines": [63, 174, 175, 180, 213, 214], "excluded_lines": [], "functions": {"PredictionPipeline.transform": {"executed_lines": [45, 46, 47, 48, 49, 50, 51, 54, 55, 56, 57, 58, 61, 64], "summary": {"covered_lines": 14, "num_statements": 15, "percent_covered": 93.33333333333333, "percent_covered_display": "93", "missing_lines": 1, "excluded_lines": 0, "percent_statements_covered": 93.33333333333333, "percent_statements_covered_display": "93"}, "missing_lines": [63], "excluded_lines": [], "start_line": 43}, "PredictionPipeline.transform_df": {"executed_lines": [68, 69, 70, 71], "summary": {"covered_lines": 4, "num_statements": 4, "percent_covered": 100.0, "percent_covered_display": "100", "missing_lines": 0, "excluded_lines": 0, "percent_statements_covered": 100.0, "percent_statements_covered_display": "100"}, "missing_lines": [], "excluded_lines": [], "start_line": 66}, "PredictionPipeline.decode_prediction": {"executed_lines": [75, 76, 77, 78, 79], "summary": {"covered_lines": 5, "num_statements": 5, "percent_covered": 100.0, "percent_covered_display": "100", "missing_lines": 0, "excluded_lines": 0, "percent_statements_covered": 100.0, "percent_statements_covered_display": "100"}, "missing_lines": [], "excluded_lines": [], "start_line": 73}, "build_prediction_pipeline": {"executed_lines": [98, 106, 108, 109, 110, 111, 112, 114, 115, 116, 117, 120, 121, 122, 123, 124, 125, 127], "summary": {"covered_lines": 18, "num_statements": 18, "percent_covered": 100.0, "percent_covered_display": "100", "missing_lines": 0, "excluded_lines": 0, "percent_statements_covered": 100.0, "percent_statements_covered_display": "100"}, "missing_lines": [], "excluded_lines": [], "start_line": 87}, "save_pipeline": {"executed_lines": [136], "summary": {"covered_lines": 1, "num_statements": 1, "percent_covered": 100.0, "percent_covered_display": "100", "missing_lines": 0, "excluded_lines": 0, "percent_statements_covered": 100.0, "percent_statements_covered_display": "100"}, "missing_lines": [], "excluded_lines": [], "start_line": 135}, "load_pipeline": {"executed_lines": [140], "summary": {"covered_lines": 1, "num_statements": 1, "percent_covered": 100.0, "percent_covered_display": "100", "missing_lines": 0, "excluded_lines": 0, "percent_statements_covered": 100.0, "percent_statements_covered_display": "100"}, "missing_lines": [], "excluded_lines": [], "start_line": 139}, "predict_single": {"executed_lines": [158, 159, 161, 162, 163, 165, 173, 182], "summary": {"covered_lines": 8, "num_statements": 11, "percent_covered": 72.72727272727273, "percent_covered_display": "73", "missing_lines": 3, "excluded_lines": 0, "percent_statements_covered": 72.72727272727273, "percent_statements_covered_display": "73"}, "missing_lines": [174, 175, 180], "excluded_lines": [], "start_line": 148}, "predict_batch": {"executed_lines": [199, 200, 202, 205, 206, 208, 209, 212, 216, 217, 218], "summary": {"covered_lines": 11, "num_statements": 13, "percent_covered": 84.61538461538461, "percent_covered_display": "85", "missing_lines": 2, "excluded_lines": 0, "percent_statements_covered": 84.61538461538461, "percent_statements_covered_display": "85"}, "missing_lines": [213, 214], "excluded_lines": [], "start_line": 190}, "get_feature_schema": {"executed_lines": [228, 229, 230, 231, 232, 236, 237, 238, 240, 241, 242], "summary": {"covered_lines": 11, "num_statements": 11, "percent_covered": 100.0, "percent_covered_display": "100", "missing_lines": 0, "excluded_lines": 0, "percent_statements_covered": 100.0, "percent_statements_covered_display": "100"}, "missing_lines": [], "excluded_lines": [], "start_line": 226}, "": {"executed_lines": [11, 13, 14, 15, 16, 17, 19, 20, 21, 22, 30, 31, 34, 35, 36, 37, 38, 39, 40, 41, 43, 66, 73, 87, 135, 139, 148, 190, 226], "summary": {"covered_lines": 29, "num_statements": 29, "percent_covered": 100.0, "percent_covered_display": "100", "missing_lines": 0, "excluded_lines": 0, "percent_statements_covered": 100.0, "percent_statements_covered_display": "100"}, "missing_lines": [], "excluded_lines": [], "start_line": 1}}, "classes": {"PredictionPipeline": {"executed_lines": [45, 46, 47, 48, 49, 50, 51, 54, 55, 56, 57, 58, 61, 64, 68, 69, 70, 71, 75, 76, 77, 78, 79], "summary": {"covered_lines": 23, "num_statements": 24, "percent_covered": 95.83333333333333, "percent_covered_display": "96", "missing_lines": 1, "excluded_lines": 0, "percent_statements_covered": 95.83333333333333, "percent_statements_covered_display": "96"}, "missing_lines": [63], "excluded_lines": [], "start_line": 31}, "": {"executed_lines": [11, 13, 14, 15, 16, 17, 19, 20, 21, 22, 30, 31, 34, 35, 36, 37, 38, 39, 40, 41, 43, 66, 73, 87, 98, 106, 108, 109, 110, 111, 112, 114, 115, 116, 117, 120, 121, 122, 123, 124, 125, 127, 135, 136, 139, 140, 148, 158, 159, 161, 162, 163, 165, 173, 182, 190, 199, 200, 202, 205, 206, 208, 209, 212, 216, 217, 218, 226, 228, 229, 230, 231, 232, 236, 237, 238, 240, 241, 242], "summary": {"covered_lines": 79, "num_statements": 84, "percent_covered": 94.04761904761905, "percent_covered_display": "94", "missing_lines": 5, "excluded_lines": 0, "percent_statements_covered": 94.04761904761905, "percent_statements_covered_display": "94"}, "missing_lines": [174, 175, 180, 213, 214], "excluded_lines": [], "start_line": 1}}}, "core/explainer.py": {"executed_lines": [14, 16, 24, 37, 39, 44, 45, 46, 48, 49, 50, 59, 60, 61, 63, 66, 69, 70, 71, 74, 75, 77, 79, 89, 109, 110, 112, 113, 116, 117, 122, 123, 126, 127, 128, 129, 130, 131, 133, 144, 146, 154, 162, 169, 172, 173, 175, 183], "summary": {"covered_lines": 48, "num_statements": 57, "percent_covered": 84.21052631578948, "percent_covered_display": "84", "missing_lines": 9, "excluded_lines": 0, "percent_statements_covered": 84.21052631578948, "percent_statements_covered_display": "84"}, "missing_lines": [41, 78, 81, 118, 119, 120, 170, 176, 177], "excluded_lines": [], "functions": {"compute_feature_importance": {"executed_lines": [37, 39, 44, 45, 46, 48, 49, 50, 59, 60, 61, 63], "summary": {"covered_lines": 12, "num_statements": 13, "percent_covered": 92.3076923076923, "percent_covered_display": "92", "missing_lines": 1, "excluded_lines": 0, "percent_statements_covered": 92.3076923076923, "percent_statements_covered_display": "92"}, "missing_lines": [41], "excluded_lines": [], "start_line": 24}, "_extract_importances": {"executed_lines": [69, 70, 71, 74, 75, 77, 79], "summary": {"covered_lines": 7, "num_statements": 9, "percent_covered": 77.77777777777777, "percent_covered_display": "78", "missing_lines": 2, "excluded_lines": 0, "percent_statements_covered": 77.77777777777777, "percent_statements_covered_display": "78"}, "missing_lines": [78, 81], "excluded_lines": [], "start_line": 66}, "explain_single_prediction": {"executed_lines": [109, 110, 112, 113, 116, 117, 122, 123, 126, 127, 128, 129, 130, 131, 133, 144, 146, 154], "summary": {"covered_lines": 18, "num_statements": 21, "percent_covered": 85.71428571428571, "percent_covered_display": "86", "missing_lines": 3, "excluded_lines": 0, "percent_statements_covered": 85.71428571428571, "percent_statements_covered_display": "86"}, "missing_lines": [118, 119, 120], "excluded_lines": [], "start_line": 89}, "_prediction_summary": {"executed_lines": [169, 172, 173, 175, 183], "summary": {"covered_lines": 5, "num_statements": 8, "percent_covered": 62.5, "percent_covered_display": "62", "missing_lines": 3, "excluded_lines": 0, "percent_statements_covered": 62.5, "percent_statements_covered_display": "62"}, "missing_lines": [170, 176, 177], "excluded_lines": [], "start_line": 162}, "": {"executed_lines": [14, 16, 24, 66, 89, 162], "summary": {"covered_lines": 6, "num_statements": 6, "percent_covered": 100.0, "percent_covered_display": "100", "missing_lines": 0, "excluded_lines": 0, "percent_statements_covered": 100.0, "percent_statements_covered_display": "100"}, "missing_lines": [], "excluded_lines": [], "start_line": 1}}, "classes": {"": {"executed_lines": [14, 16, 24, 37, 39, 44, 45, 46, 48, 49, 50, 59, 60, 61, 63, 66, 69, 70, 71, 74, 75, 77, 79, 89, 109, 110, 112, 113, 116, 117, 122, 123, 126, 127, 128, 129, 130, 131, 133, 144, 146, 154, 162, 169, 172, 173, 175, 183], "summary": {"covered_lines": 48, "num_statements": 57, "percent_covered": 84.21052631578948, "percent_covered_display": "84", "missing_lines": 9, "excluded_lines": 0, "percent_statements_covered": 84.21052631578948, "percent_statements_covered_display": "84"}, "missing_lines": [41, 78, 81, 118, 119, 120, 170, 176, 177], "excluded_lines": [], "start_line": 1}}}, "core/feature_engine.py": {"executed_lines": [13, 15, 16, 17, 18, 20, 21, 28, 29, 30, 31, 32, 33, 34, 35, 36, 40, 54, 62, 63, 65, 66, 67, 68, 69, 72, 73, 74, 75, 92, 95, 96, 97, 101, 102, 103, 119, 120, 136, 137, 138, 139, 140, 143, 144, 145, 146, 148, 152, 153, 155, 156, 174, 175, 192, 193, 194, 195, 196, 197, 198, 199, 200, 201, 202, 203, 204, 205, 207, 208, 226, 233, 246, 247, 249, 250, 251, 252, 254, 255, 256, 257, 259, 260, 261, 262, 264, 265, 266, 272, 274, 275, 281, 282, 283, 285, 286, 287, 288, 289, 290, 292, 294, 295, 296, 297, 298, 299, 305, 312, 317, 318, 320, 321, 323, 324, 333, 334, 335, 345, 346, 356, 357, 358, 359, 383, 397, 401, 403, 407, 408, 409, 411, 412, 413, 414, 415, 416, 417, 418, 419, 420, 422, 425, 428, 432, 433, 434, 436, 438, 442, 443, 447, 448, 449, 450, 451, 458, 459, 460, 462, 469, 471, 472, 473, 479, 480, 481, 482, 485, 487, 490, 493, 494, 495, 496, 498, 500, 501, 502], "summary": {"covered_lines": 180, "num_statements": 191, "percent_covered": 94.24083769633508, "percent_covered_display": "94", "missing_lines": 11, "excluded_lines": 0, "percent_statements_covered": 94.24083769633508, "percent_statements_covered_display": "94"}, "missing_lines": [98, 206, 301, 303, 369, 404, 423, 444, 445, 497, 499], "excluded_lines": [], "functions": {"suggest_features": {"executed_lines": [62, 63, 65, 66, 67, 68, 69, 72, 73, 74, 75, 92, 95, 96, 97, 101, 102, 103, 119, 120, 136, 137, 138, 139, 140, 143, 144, 145, 146, 148, 152, 153, 155, 156, 174, 175, 192, 193, 194, 195, 196, 197, 198, 199, 200, 201, 202, 203, 204, 205, 207, 208, 226], "summary": {"covered_lines": 53, "num_statements": 55, "percent_covered": 96.36363636363636, "percent_covered_display": "96", "missing_lines": 2, "excluded_lines": 0, "percent_statements_covered": 96.36363636363636, "percent_statements_covered_display": "96"}, "missing_lines": [98, 206], "excluded_lines": [], "start_line": 54}, "apply_transformations": {"executed_lines": [246, 247, 249, 250, 251, 252, 254, 255, 256, 257, 259, 260, 261, 262, 264, 265, 266, 272, 274, 275, 281, 282, 283, 285, 286, 287, 288, 289, 290, 292, 294, 295, 296, 297, 298, 299, 305], "summary": {"covered_lines": 37, "num_statements": 39, "percent_covered": 94.87179487179488, "percent_covered_display": "95", "missing_lines": 2, "excluded_lines": 0, "percent_statements_covered": 94.87179487179488, "percent_statements_covered_display": "95"}, "missing_lines": [301, 303], "excluded_lines": [], "start_line": 233}, "detect_problem_type": {"executed_lines": [317, 318, 320, 321, 323, 324, 333, 334, 335, 345, 346, 356, 357, 358, 359], "summary": {"covered_lines": 15, "num_statements": 16, "percent_covered": 93.75, "percent_covered_display": "94", "missing_lines": 1, "excluded_lines": 0, "percent_statements_covered": 93.75, "percent_statements_covered_display": "94"}, "missing_lines": [369], "excluded_lines": [], "start_line": 312}, "compute_feature_importance": {"executed_lines": [397, 401, 403, 407, 408, 409, 411, 412, 413, 414, 415, 416, 417, 418, 419, 420, 422, 425, 428, 432, 433, 434, 436, 438, 442, 443, 447, 448, 449, 450, 451, 458, 459, 460, 462], "summary": {"covered_lines": 35, "num_statements": 39, "percent_covered": 89.74358974358974, "percent_covered_display": "90", "missing_lines": 4, "excluded_lines": 0, "percent_statements_covered": 89.74358974358974, "percent_statements_covered_display": "90"}, "missing_lines": [404, 423, 444, 445], "excluded_lines": [], "start_line": 383}, "_apply_date_decompose": {"executed_lines": [471, 472, 473, 479, 480, 481, 482], "summary": {"covered_lines": 7, "num_statements": 7, "percent_covered": 100.0, "percent_covered_display": "100", "missing_lines": 0, "excluded_lines": 0, "percent_statements_covered": 100.0, "percent_statements_covered_display": "100"}, "missing_lines": [], "excluded_lines": [], "start_line": 469}, "_looks_like_date": {"executed_lines": [487, 490], "summary": {"covered_lines": 2, "num_statements": 2, "percent_covered": 100.0, "percent_covered_display": "100", "missing_lines": 0, "excluded_lines": 0, "percent_statements_covered": 100.0, "percent_statements_covered_display": "100"}, "missing_lines": [], "excluded_lines": [], "start_line": 485}, "_importance_description": {"executed_lines": [494, 495, 496, 498, 500, 501, 502], "summary": {"covered_lines": 7, "num_statements": 9, "percent_covered": 77.77777777777777, "percent_covered_display": "78", "missing_lines": 2, "excluded_lines": 0, "percent_statements_covered": 77.77777777777777, "percent_statements_covered_display": "78"}, "missing_lines": [497, 499], "excluded_lines": [], "start_line": 493}, "": {"executed_lines": [13, 15, 16, 17, 18, 20, 21, 28, 29, 30, 31, 32, 33, 34, 35, 36, 40, 54, 233, 312, 383, 469, 485, 493], "summary": {"covered_lines": 24, "num_statements": 24, "percent_covered": 100.0, "percent_covered_display": "100", "missing_lines": 0, "excluded_lines": 0, "percent_statements_covered": 100.0, "percent_statements_covered_display": "100"}, "missing_lines": [], "excluded_lines": [], "start_line": 1}}, "classes": {"FeatureSuggestion": {"executed_lines": [], "summary": {"covered_lines": 0, "num_statements": 0, "percent_covered": 100.0, "percent_covered_display": "100", "missing_lines": 0, "excluded_lines": 0, "percent_statements_covered": 100.0, "
[...]
: [], "excluded_lines": [], "start_line": 41}, "trained_model_run": {"executed_lines": [69, 70, 71, 74, 79, 80, 83, 87, 90, 94, 97, 101, 102, 105, 106, 107, 108, 109, 110, 112, 113], "summary": {"covered_lines": 21, "num_statements": 21, "percent_covered": 100.0, "percent_covered_display": "100", "missing_lines": 0, "excluded_lines": 0, "percent_statements_covered": 100.0, "percent_statements_covered_display": "100"}, "missing_lines": [], "excluded_lines": [], "start_line": 66}, "TestRunCrossValidation._make_xy": {"executed_lines": [123, 124, 125, 126], "summary": {"covered_lines": 4, "num_statements": 4, "percent_covered": 100.0, "percent_covered_display": "100", "missing_lines": 0, "excluded_lines": 0, "percent_statements_covered": 100.0, "percent_statements_covered_display": "100"}, "missing_lines": [], "excluded_lines": [], "start_line": 122}, "TestRunCrossValidation.test_returns_expected_keys": {"executed_lines": [129, 130, 132, 133, 134], "summary": {"covered_lines": 5, "num_statements": 5, "percent_covered": 100.0, "percent_covered_display": "100", "missing_lines": 0, "excluded_lines": 0, "percent_statements_covered": 100.0, "percent_statements_covered_display": "100"}, "missing_lines": [], "excluded_lines": [], "start_line": 128}, "TestRunCrossValidation.test_scores_list_length_matches_n_splits": {"executed_lines": [137, 138, 140, 141, 142], "summary": {"covered_lines": 5, "num_statements": 5, "percent_covered": 100.0, "percent_covered_display": "100", "missing_lines": 0, "excluded_lines": 0, "percent_statements_covered": 100.0, "percent_statements_covered_display": "100"}, "missing_lines": [], "excluded_lines": [], "start_line": 136}, "TestRunCrossValidation.test_r2_positive_on_linear_data": {"executed_lines": [145, 146, 148, 149, 150], "summary": {"covered_lines": 5, "num_statements": 5, "percent_covered": 100.0, "percent_covered_display": "100", "missing_lines": 0, "excluded_lines": 0, "percent_statements_covered": 100.0, "percent_statements_covered_display": "100"}, "missing_lines": [], "excluded_lines": [], "start_line": 144}, "TestRunCrossValidation.test_classification_uses_f1_weighted": {"executed_lines": [153, 154, 156, 157, 158, 159, 160, 161], "summary": {"covered_lines": 8, "num_statements": 8, "percent_covered": 100.0, "percent_covered_display": "100", "missing_lines": 0, "excluded_lines": 0, "percent_statements_covered": 100.0, "percent_statements_covered_display": "100"}, "missing_lines": [], "excluded_lines": [], "start_line": 152}, "TestRunCrossValidation.test_too_small_dataset_returns_gracefully": {"executed_lines": [164, 165, 167, 168, 169, 170], "summary": {"covered_lines": 6, "num_statements": 6, "percent_covered": 100.0, "percent_covered_display": "100", "missing_lines": 0, "excluded_lines": 0, "percent_statements_covered": 100.0, "percent_statements_covered_display": "100"}, "missing_lines": [], "excluded_lines": [], "start_line": 163}, "TestComputeConfusionMatrix.test_binary_classification": {"executed_lines": [175, 177, 178, 179, 180, 181, 182, 183, 184], "summary": {"covered_lines": 9, "num_statements": 9, "percent_covered": 100.0, "percent_covered_display": "100", "missing_lines": 0, "excluded_lines": 0, "percent_statements_covered": 100.0, "percent_statements_covered_display": "100"}, "missing_lines": [], "excluded_lines": [], "start_line": 174}, "TestComputeConfusionMatrix.test_matrix_shape_matches_classes": {"executed_lines": [187, 189, 190, 191, 192, 193], "summary": {"covered_lines": 6, "num_statements": 6, "percent_covered": 100.0, "percent_covered_display": "100", "missing_lines": 0, "excluded_lines": 0, "percent_statements_covered": 100.0, "percent_statements_covered_display": "100"}, "missing_lines": [], "excluded_lines": [], "start_line": 186}, "TestComputeConfusionMatrix.test_perfect_prediction": {"executed_lines": [196, 198, 199, 200], "summary": {"covered_lines": 4, "num_statements": 4, "percent_covered": 100.0, "percent_covered_display": "100", "missing_lines": 0, "excluded_lines": 0, "percent_statements_covered": 100.0, "percent_statements_covered_display": "100"}, "missing_lines": [], "excluded_lines": [], "start_line": 195}, "TestComputeResiduals.test_returns_expected_structure": {"executed_lines": [205, 207, 208, 209, 210], "summary": {"covered_lines": 5, "num_statements": 5, "percent_covered": 100.0, "percent_covered_display": "100", "missing_lines": 0, "excluded_lines": 0, "percent_statements_covered": 100.0, "percent_statements_covered_display": "100"}, "missing_lines": [], "excluded_lines": [], "start_line": 204}, "TestComputeResiduals.test_scatter_capped_at_200": {"executed_lines": [213, 215, 216, 217], "summary": {"covered_lines": 4, "num_statements": 4, "percent_covered": 100.0, "percent_covered_display": "100", "missing_lines": 0, "excluded_lines": 0, "percent_statements_covered": 100.0, "percent_statements_covered_display": "100"}, "missing_lines": [], "excluded_lines": [], "start_line": 212}, "TestComputeResiduals.test_mae_near_zero_for_perfect_predictions": {"executed_lines": [220, 222, 223, 224], "summary": {"covered_lines": 4, "num_statements": 4, "percent_covered": 100.0, "percent_covered_display": "100", "missing_lines": 0, "excluded_lines": 0, "percent_statements_covered": 100.0, "percent_statements_covered_display": "100"}, "missing_lines": [], "excluded_lines": [], "start_line": 219}, "TestAssessConfidenceLimitations.test_high_confidence_for_good_model": {"executed_lines": [229, 231, 238], "summary": {"covered_lines": 3, "num_statements": 3, "percent_covered": 100.0, "percent_covered_display": "100", "missing_lines": 0, "excluded_lines": 0, "percent_statements_covered": 100.0, "percent_statements_covered_display": "100"}, "missing_lines": [], "excluded_lines": [], "start_line": 228}, "TestAssessConfidenceLimitations.test_warns_on_small_dataset": {"executed_lines": [241, 243, 250], "summary": {"covered_lines": 3, "num_statements": 3, "percent_covered": 100.0, "percent_covered_display": "100", "missing_lines": 0, "excluded_lines": 0, "percent_statements_covered": 100.0, "percent_statements_covered_display": "100"}, "missing_lines": [], "excluded_lines": [], "start_line": 240}, "TestAssessConfidenceLimitations.test_warns_on_high_cv_variance": {"executed_lines": [253, 255, 262], "summary": {"covered_lines": 3, "num_statements": 3, "percent_covered": 100.0, "percent_covered_display": "100", "missing_lines": 0, "excluded_lines": 0, "percent_statements_covered": 100.0, "percent_statements_covered_display": "100"}, "missing_lines": [], "excluded_lines": [], "start_line": 252}, "TestAssessConfidenceLimitations.test_no_limitations_message_on_clean_model": {"executed_lines": [265, 267, 274], "summary": {"covered_lines": 3, "num_statements": 3, "percent_covered": 100.0, "percent_covered_display": "100", "missing_lines": 0, "excluded_lines": 0, "percent_statements_covered": 100.0, "percent_statements_covered_display": "100"}, "missing_lines": [], "excluded_lines": [], "start_line": 264}, "TestComputeFeatureImportance._rf_model": {"executed_lines": [284, 286, 287, 288, 289, 290, 291], "summary": {"covered_lines": 7, "num_statements": 7, "percent_covered": 100.0, "percent_covered_display": "100", "missing_lines": 0, "excluded_lines": 0, "percent_statements_covered": 100.0, "percent_statements_covered_display": "100"}, "missing_lines": [], "excluded_lines": [], "start_line": 283}, "TestComputeFeatureImportance.test_returns_list_of_dicts": {"executed_lines": [294, 296, 297, 298, 299], "summary": {"covered_lines": 5, "num_statements": 5, "percent_covered": 100.0, "percent_covered_display": "100", "missing_lines": 0, "excluded_lines": 0, "percent_statements_covered": 100.0, "percent_statements_covered_display": "100"}, "missing_lines": [], "excluded_lines": [], "start_line": 293}, "TestComputeFeatureImportance.test_each_entry_has_required_keys": {"executed_lines": [302, 304, 305, 306, 307, 308, 309], "summary": {"covered_lines": 7, "num_statements": 7, "percent_covered": 100.0, "percent_covered_display": "100", "missing_lines": 0, "excluded_lines": 0, "percent_statements_covered": 100.0, "percent_statements_covered_display": "100"}, "missing_lines": [], "excluded_lines": [], "start_line": 301}, "TestComputeFeatureImportance.test_importances_sum_to_one": {"executed_lines": [312, 314, 315, 316, 317], "summary": {"covered_lines": 5, "num_statements": 5, "percent_covered": 100.0, "percent_covered_display": "100", "missing_lines": 0, "excluded_lines": 0, "percent_statements_covered": 100.0, "percent_statements_covered_display": "100"}, "missing_lines": [], "excluded_lines": [], "start_line": 311}, "TestComputeFeatureImportance.test_sorted_descending": {"executed_lines": [320, 322, 323, 324, 325], "summary": {"covered_lines": 5, "num_statements": 5, "percent_covered": 100.0, "percent_covered_display": "100", "missing_lines": 0, "excluded_lines": 0, "percent_statements_covered": 100.0, "percent_statements_covered_display": "100"}, "missing_lines": [], "excluded_lines": [], "start_line": 319}, "TestComputeFeatureImportance.test_linear_model_uses_coefficients": {"executed_lines": [328, 329, 331, 332, 333, 334, 335, 337], "summary": {"covered_lines": 8, "num_statements": 8, "percent_covered": 100.0, "percent_covered_display": "100", "missing_lines": 0, "excluded_lines": 0, "percent_statements_covered": 100.0, "percent_statements_covered_display": "100"}, "missing_lines": [], "excluded_lines": [], "start_line": 327}, "TestExplainSinglePrediction._setup": {"executed_lines": [342, 344, 345, 346, 347, 348, 349], "summary": {"covered_lines": 7, "num_statements": 7, "percent_covered": 100.0, "percent_covered_display": "100", "missing_lines": 0, "excluded_lines": 0, "percent_statements_covered": 100.0, "percent_statements_covered_display": "100"}, "missing_lines": [], "excluded_lines": [], "start_line": 341}, "TestExplainSinglePrediction.test_returns_expected_keys": {"executed_lines": [352, 354, 355, 356, 357, 358], "summary": {"covered_lines": 6, "num_statements": 6, "percent_covered": 100.0, "percent_covered_display": "100", "missing_lines": 0, "excluded_lines": 0, "percent_statements_covered": 100.0, "percent_statements_covered_display": "100"}, "missing_lines": [], "excluded_lines": [], "start_line": 351}, "TestExplainSinglePrediction.test_contributions_length_matches_features": {"executed_lines": [361, 363, 364, 365], "summary": {"covered_lines": 4, "num_statements": 4, "percent_covered": 100.0, "percent_covered_display": "100", "missing_lines": 0, "excluded_lines": 0, "percent_statements_covered": 100.0, "percent_statements_covered_display": "100"}, "missing_lines": [], "excluded_lines": [], "start_line": 360}, "TestExplainSinglePrediction.test_contribution_has_direction": {"executed_lines": [368, 370, 371, 372, 373], "summary": {"covered_lines": 5, "num_statements": 5, "percent_covered": 100.0, "percent_covered_display": "100", "missing_lines": 0, "excluded_lines": 0, "percent_statements_covered": 100.0, "percent_statements_covered_display": "100"}, "missing_lines": [], "excluded_lines": [], "start_line": 367}, "TestValidationAPI.test_metrics_endpoint_returns_200": {"executed_lines": [383, 384, 385], "summary": {"covered_lines": 3, "num_statements": 3, "percent_covered": 100.0, "percent_covered_display": "100", "missing_lines": 0, "excluded_lines": 0, "percent_statements_covered": 100.0, "percent_statements_covered_display": "100"}, "missing_lines": [], "excluded_lines": [], "start_line": 382}, "TestValidationAPI.test_metrics_has_cross_validation": {"executed_lines": [388, 389, 390, 391, 392, 393], "summary": {"covered_lines": 6, "num_statements": 6, "percent_covered": 100.0, "percent_covered_display": "100", "missing_lines": 0, "excluded_lines": 0, "percent_statements_covered": 100.0, "percent_statements_covered_display": "100"}, "missing_lines": [], "excluded_lines": [], "start_line": 387}, "TestValidationAPI.test_metrics_has_error_analysis": {"executed_lines": [396, 397, 398, 400, 401], "summary": {"covered_lines": 5, "num_statements": 5, "percent_covered": 100.0, "percent_covered_display": "100", "missing_lines": 0, "excluded_lines": 0, "percent_statements_covered": 100.0, "percent_statements_covered_display": "100"}, "missing_lines": [], "excluded_lines": [], "start_line": 395}, "TestValidationAPI.test_metrics_has_confidence": {"executed_lines": [404, 405, 406, 407], "summary": {"covered_lines": 4, "num_statements": 4, "percent_covered": 100.0, "percent_covered_display": "100", "missing_lines": 0, "excluded_lines": 0, "percent_statements_covered": 100.0, "percent_statements_covered_display": "100"}, "missing_lines": [], "excluded_lines": [], "start_line": 403}, "TestValidationAPI.test_explain_endpoint_returns_200": {"executed_lines": [410, 411, 412], "summary": {"covered_lines": 3, "num_statements": 3, "percent_covered": 100.0, "percent_covered_display": "100", "missing_lines": 0, "excluded_lines": 0, "percent_statements_covered": 100.0, "percent_statements_covered_display": "100"}, "missing_lines": [], "excluded_lines": [], "start_line": 409}, "TestValidationAPI.test_explain_has_feature_importance": {"executed_lines": [415, 416, 417, 418, 419, 420, 421], "summary": {"covered_lines": 7, "num_statements": 7, "percent_covered": 100.0, "percent_covered_display": "100", "missing_lines": 0, "excluded_lines": 0, "percent_statements_covered": 100.0, "percent_statements_covered_display": "100"}, "missing_lines": [], "excluded_lines": [], "start_line": 414}, "TestValidationAPI.test_explain_row_endpoint_returns_200": {"executed_lines": [424, 425, 426], "summary": {"covered_lines": 3, "num_statements": 3, "percent_covered": 100.0, "percent_covered_display": "100", "missing_lines": 0, "excluded_lines": 0, "percent_statements_covered": 100.0, "percent_statements_covered_display": "100"}, "missing_lines": [], "excluded_lines": [], "start_line": 423}, "TestValidationAPI.test_explain_row_has_contributions": {"executed_lines": [429, 430, 431, 432, 433], "summary": {"covered_lines": 5, "num_statements": 5, "percent_covered": 100.0, "percent_covered_display": "100", "missing_lines": 0, "excluded_lines": 0, "percent_statements_covered": 100.0, "percent_statements_covered_display": "100"}, "missing_lines": [], "excluded_lines": [], "start_line": 428}, "TestValidationAPI.test_explain_row_out_of_range_returns_400": {"executed_lines": [436, 437, 438], "summary": {"covered_lines": 3, "num_statements": 3, "percent_covered": 100.0, "percent_covered_display": "100", "missing_lines": 0, "excluded_lines": 0, "percent_statements_covered": 100.0, "percent_statements_covered_display": "100"}, "missing_lines": [], "excluded_lines": [], "start_line": 435}, "TestValidationAPI.test_unknown_run_id_returns_404": {"executed_lines": [441, 442], "summary": {"covered_lines": 2, "num_statements": 2, "percent_covered": 100.0, "percent_covered_display": "100", "missing_lines": 0, "excluded_lines": 0, "percent_statements_covered": 100.0, "percent_statements_covered_display": "100"}, "missing_lines": [], "excluded_lines": [], "start_line": 440}, "": {"executed_lines": [3, 5, 6, 7, 9, 10, 11, 12, 14, 21, 40, 41, 65, 66, 121, 122, 128, 136, 144, 152, 163, 173, 174, 186, 195, 203, 204, 212, 219, 227, 228, 240, 252, 264, 282, 283, 293, 301, 311, 319, 327, 340, 341, 351, 360, 367, 381, 382, 387, 395, 403, 409, 414, 423, 428, 435, 440], "summary": {"covered_lines": 57, "num_statements": 57, "percent_covered": 100.0, "percent_covered_display": "100", "missing_lines": 0, "excluded_lines": 0, "percent_statements_covered": 100.0, "percent_statements_covered_display": "100"}, "missing_lines": [], "excluded_lines": [], "start_line": 1}}, "classes": {"TestRunCrossValidation": {"executed_lines": [123, 124, 125, 126, 129, 130, 132, 133, 134, 137, 138, 140, 141, 142, 145, 146, 148, 149, 150, 153, 154, 156, 157, 158, 159, 160, 161, 164, 165, 167, 168, 169, 170], "summary": {"covered_lines": 33, "num_statements": 33, "percent_covered": 100.0, "percent_covered_display": "100", "missing_lines": 0, "excluded_lines": 0, "percent_statements_covered": 100.0, "percent_statements_covered_display": "100"}, "missing_lines": [], "excluded_lines": [], "start_line": 121}, "TestComputeConfusionMatrix": {"executed_lines": [175, 177, 178, 179, 180, 181, 182, 183, 184, 187, 189, 190, 191, 192, 193, 196, 198, 199, 200], "summary": {"covered_lines": 19, "num_statements": 19, "percent_covered": 100.0, "percent_covered_display": "100", "missing_lines": 0, "excluded_lines": 0, "percent_statements_covered": 100.0, "percent_statements_covered_display": "100"}, "missing_lines": [], "excluded_lines": [], "start_line": 173}, "TestComputeResiduals": {"executed_lines": [205, 207, 208, 209, 210, 213, 215, 216, 217, 220, 222, 223, 224], "summary": {"covered_lines": 13, "num_statements": 13, "percent_covered": 100.0, "percent_covered_display": "100", "missing_lines": 0, "excluded_lines": 0, "percent_statements_covered": 100.0, "percent_statements_covered_display": "100"}, "missing_lines": [], "excluded_lines": [], "start_line": 203}, "TestAssessConfidenceLimitations": {"executed_lines": [229, 231, 238, 241, 243, 250, 253, 255, 262, 265, 267, 274], "summary": {"covered_lines": 12, "num_statements": 12, "percent_covered": 100.0, "percent_covered_display": "100", "missing_lines": 0, "excluded_lines": 0, "percent_statements_covered": 100.0, "percent_statements_covered_display": "100"}, "missing_lines": [], "excluded_lines": [], "start_line": 227}, "TestComputeFeatureImportance": {"executed_lines": [284, 286, 287, 288, 289, 290, 291, 294, 296, 297, 298, 299, 302, 304, 305, 306, 307, 308, 309, 312, 314, 315, 316, 317, 320, 322, 323, 324, 325, 328, 329, 331, 332, 333, 334, 335, 337], "summary": {"covered_lines": 37, "num_statements": 37, "percent_covered": 100.0, "percent_covered_display": "100", "missing_lines": 0, "excluded_lines": 0, "percent_statements_covered": 100.0, "percent_statements_covered_display": "100"}, "missing_lines": [], "excluded_lines": [], "start_line": 282}, "TestExplainSinglePrediction": {"executed_lines": [342, 344, 345, 346, 347, 348, 349, 352, 354, 355, 356, 357, 358, 361, 363, 364, 365, 368, 370, 371, 372, 373], "summary": {"covered_lines": 22, "num_statements": 22, "percent_covered": 100.0, "percent_covered_display": "100", "missing_lines": 0, "excluded_lines": 0, "percent_statements_covered": 100.0, "percent_statements_covered_display": "100"}, "missing_lines": [], "excluded_lines": [], "start_line": 340}, "TestValidationAPI": {"executed_lines": [383, 384, 385, 388, 389, 390, 391, 392, 393, 396, 397, 398, 400, 401, 404, 405, 406, 407, 410, 411, 412, 415, 416, 417, 418, 419, 420, 421, 424, 425, 426, 429, 430, 431, 432, 433, 436, 437, 438, 441, 442], "summary": {"covered_lines": 41, "num_statements": 41, "percent_covered": 100.0, "percent_covered_display": "100", "missing_lines": 0, "excluded_lines": 0, "percent_statements_covered": 100.0, "percent_statements_covered_display": "100"}, "missing_lines": [], "excluded_lines": [], "start_line": 381}, "": {"executed_lines": [3, 5, 6, 7, 9, 10, 11, 12, 14, 21, 40, 41, 42, 43, 44, 46, 47, 48, 49, 50, 52, 54, 55, 57, 58, 60, 61, 62, 65, 66, 69, 70, 71, 74, 79, 80, 83, 87, 90, 94, 97, 101, 102, 105, 106, 107, 108, 109, 110, 112, 113, 121, 122, 128, 136, 144, 152, 163, 173, 174, 186, 195, 203, 204, 212, 219, 227, 228, 240, 252, 264, 282, 283, 293, 301, 311, 319, 327, 340, 341, 351, 360, 367, 381, 382, 387, 395, 403, 409, 414, 423, 428, 435, 440], "summary": {"covered_lines": 94, "num_statements": 94, "percent_covered": 100.0, "percent_covered_display": "100", "missing_lines": 0, "excluded_lines": 0, "percent_statements_covered": 100.0, "percent_statements_covered_display": "100"}, "missing_lines": [], "excluded_lines": [], "start_line": 1}}}}, "totals": {"covered_lines": 4056, "num_statements": 4431, "percent_covered": 91.53689911983751, "percent_covered_display": "92", "missing_lines": 375, "excluded_lines": 0, "percent_statements_covered": 91.53689911983751, "percent_statements_covered_display": "92"}}